{"C:\\Users\\julbb\\Desktop\\MentesCreativas4-main\\MentesCreativas4-main\\MentesCreativas4-main\\src\\App.tsx": {"path":"C:\\Users\\julbb\\Desktop\\MentesCreativas4-main\\MentesCreativas4-main\\MentesCreativas4-main\\src\\App.tsx","statementMap":{"0":{"start":{"line":4,"column":0},"end":{"line":4,"column":24}},"1":{"start":{"line":1,"column":0},"end":{"line":1,"column":49}},"2":{"start":{"line":2,"column":0},"end":{"line":2,"column":33}},"3":{"start":{"line":5,"column":2},"end":{"line":9,"column":4}}},"fnMap":{"0":{"name":"App","decl":{"start":{"line":4,"column":24},"end":{"line":4,"column":27}},"loc":{"start":{"line":4,"column":27},"end":{"line":10,"column":1}}}},"branchMap":{},"s":{"0":2,"1":2,"2":2,"3":2},"f":{"0":2},"b":{}}
,"C:\\Users\\julbb\\Desktop\\MentesCreativas4-main\\MentesCreativas4-main\\MentesCreativas4-main\\src\\components\\Sidebar.tsx": {"path":"C:\\Users\\julbb\\Desktop\\MentesCreativas4-main\\MentesCreativas4-main\\MentesCreativas4-main\\src\\components\\Sidebar.tsx","statementMap":{"0":{"start":{"line":10,"column":0},"end":{"line":10,"column":24}},"1":{"start":{"line":1,"column":0},"end":{"line":1,"column":43}},"2":{"start":{"line":3,"column":15},"end":{"line":8,"column":2}},"3":{"start":{"line":11,"column":2},"end":{"line":34,"column":4}},"4":{"start":{"line":16,"column":12},"end":{"line":17,"column":null}},"5":{"start":{"line":20,"column":16},"end":{"line":25,"column":27}}},"fnMap":{"0":{"name":"Sidebar","decl":{"start":{"line":10,"column":24},"end":{"line":10,"column":31}},"loc":{"start":{"line":10,"column":31},"end":{"line":35,"column":1}}},"1":{"name":"(anonymous_1)","decl":{"start":{"line":15,"column":22},"end":{"line":15,"column":23}},"loc":{"start":{"line":16,"column":12},"end":{"line":17,"column":null}}},"2":{"name":"(anonymous_2)","decl":{"start":{"line":19,"column":25},"end":{"line":19,"column":26}},"loc":{"start":{"line":20,"column":16},"end":{"line":25,"column":27}}}},"branchMap":{"0":{"loc":{"start":{"line":22,"column":18},"end":{"line":24,"column":77}},"type":"cond-expr","locations":[{"start":{"line":23,"column":22},"end":{"line":23,"column":61}},{"start":{"line":24,"column":22},"end":{"line":24,"column":77}}]}},"s":{"0":2,"1":2,"2":2,"3":2,"4":8,"5":8},"f":{"0":2,"1":8,"2":8},"b":{"0":[2,6]}}
,"C:\\Users\\julbb\\Desktop\\MentesCreativas4-main\\MentesCreativas4-main\\MentesCreativas4-main\\src\\components\\layout.tsx": {"path":"C:\\Users\\julbb\\Desktop\\MentesCreativas4-main\\MentesCreativas4-main\\MentesCreativas4-main\\src\\components\\layout.tsx","statementMap":{"0":{"start":{"line":4,"column":0},"end":{"line":4,"column":24}},"1":{"start":{"line":1,"column":0},"end":{"line":1,"column":42}},"2":{"start":{"line":2,"column":0},"end":{"line":2,"column":32}},"3":{"start":{"line":5,"column":2},"end":{"line":34,"column":4}}},"fnMap":{"0":{"name":"Layout","decl":{"start":{"line":4,"column":24},"end":{"line":4,"column":30}},"loc":{"start":{"line":4,"column":30},"end":{"line":35,"column":1}}}},"branchMap":{},"s":{"0":2,"1":2,"2":2,"3":2},"f":{"0":2},"b":{}}
,"C:\\Users\\julbb\\Desktop\\MentesCreativas4-main\\MentesCreativas4-main\\MentesCreativas4-main\\src\\domains\\butterflies\\data.ts": {"path":"C:\\Users\\julbb\\Desktop\\MentesCreativas4-main\\MentesCreativas4-main\\MentesCreativas4-main\\src\\domains\\butterflies\\data.ts","statementMap":{"0":{"start":{"line":12,"column":13},"end":{"line":113,"column":2}}},"fnMap":{},"branchMap":{},"s":{"0":2},"f":{},"b":{}}
,"C:\\Users\\julbb\\Desktop\\MentesCreativas4-main\\MentesCreativas4-main\\MentesCreativas4-main\\src\\domains\\butterflies\\components\\Butterfly.tsx": {"path":"C:\\Users\\julbb\\Desktop\\MentesCreativas4-main\\MentesCreativas4-main\\MentesCreativas4-main\\src\\domains\\butterflies\\components\\Butterfly.tsx","statementMap":{"0":{"start":{"line":16,"column":0},"end":{"line":16,"column":24}},"1":{"start":{"line":1,"column":0},"end":{"line":1,"column":46}},"2":{"start":{"line":2,"column":0},"end":{"line":2,"column":31}},"3":{"start":{"line":17,"column":19},"end":{"line":17,"column":38}},"4":{"start":{"line":18,"column":22},"end":{"line":18,"column":40}},"5":{"start":{"line":19,"column":23},"end":{"line":19,"column":41}},"6":{"start":{"line":21,"column":2},"end":{"line":28,"column":5}},"7":{"start":{"line":22,"column":14},"end":{"line":22,"column":42}},"8":{"start":{"line":23,"column":18},"end":{"line":23,"column":47}},"9":{"start":{"line":24,"column":17},"end":{"line":24,"column":36}},"10":{"start":{"line":25,"column":18},"end":{"line":25,"column":38}},"11":{"start":{"line":26,"column":4},"end":{"line":26,"column":38}},"12":{"start":{"line":26,"column":14},"end":{"line":26,"column":38}},"13":{"start":{"line":27,"column":4},"end":{"line":27,"column":41}},"14":{"start":{"line":27,"column":15},"end":{"line":27,"column":41}},"15":{"start":{"line":30,"column":19},"end":{"line":30,"column":36}},"16":{"start":{"line":31,"column":21},"end":{"line":31,"column":39}},"17":{"start":{"line":33,"column":2},"end":{"line":78,"column":4}}},"fnMap":{"0":{"name":"Butterfly","decl":{"start":{"line":16,"column":24},"end":{"line":16,"column":33}},"loc":{"start":{"line":16,"column":124},"end":{"line":79,"column":1}}},"1":{"name":"(anonymous_1)","decl":{"start":{"line":21,"column":11},"end":{"line":21,"column":12}},"loc":{"start":{"line":21,"column":66},"end":{"line":28,"column":3}}}},"branchMap":{"0":{"loc":{"start":{"line":16,"column":69},"end":{"line":16,"column":85}},"type":"default-arg","locations":[{"start":{"line":16,"column":80},"end":{"line":16,"column":85}}]},"1":{"loc":{"start":{"line":16,"column":87},"end":{"line":16,"column":106}},"type":"default-arg","locations":[{"start":{"line":16,"column":101},"end":{"line":16,"column":106}}]},"2":{"loc":{"start":{"line":26,"column":4},"end":{"line":26,"column":38}},"type":"if","locations":[{"start":{"line":26,"column":4},"end":{"line":26,"column":38}},{"start":{},"end":{}}]},"3":{"loc":{"start":{"line":27,"column":4},"end":{"line":27,"column":41}},"type":"if","locations":[{"start":{"line":27,"column":4},"end":{"line":27,"column":41}},{"start":{},"end":{}}]},"4":{"loc":{"start":{"line":38,"column":37},"end":{"line":38,"column":60}},"type":"binary-expr","locations":[{"start":{"line":38,"column":37},"end":{"line":38,"column":47}},{"start":{"line":38,"column":51},"end":{"line":38,"column":60}}]},"5":{"loc":{"start":{"line":44,"column":17},"end":{"line":44,"column":40}},"type":"binary-expr","locations":[{"start":{"line":44,"column":17},"end":{"line":44,"column":27}},{"start":{"line":44,"column":31},"end":{"line":44,"column":40}}]},"6":{"loc":{"start":{"line":49,"column":19},"end":{"line":49,"column":41}},"type":"cond-expr","locations":[{"start":{"line":49,"column":33},"end":{"line":49,"column":37}},{"start":{"line":49,"column":40},"end":{"line":49,"column":41}}]},"7":{"loc":{"start":{"line":56,"column":17},"end":{"line":56,"column":54}},"type":"binary-expr","locations":[{"start":{"line":56,"column":17},"end":{"line":56,"column":27}},{"start":{"line":56,"column":31},"end":{"line":56,"column":41}},{"start":{"line":56,"column":45},"end":{"line":56,"column":54}}]},"8":{"loc":{"start":{"line":61,"column":19},"end":{"line":61,"column":41}},"type":"cond-expr","locations":[{"start":{"line":61,"column":33},"end":{"line":61,"column":37}},{"start":{"line":61,"column":40},"end":{"line":61,"column":41}}]},"9":{"loc":{"start":{"line":64,"column":7},"end":{"line":75,"column":null}},"type":"binary-expr","locations":[{"start":{"line":64,"column":7},"end":{"line":64,"column":15}},{"start":{"line":65,"column":8},"end":{"line":74,"column":null}}]}},"s":{"0":2,"1":2,"2":2,"3":0,"4":0,"5":0,"6":0,"7":0,"8":0,"9":0,"10":0,"11":0,"12":0,"13":0,"14":0,"15":0,"16":0,"17":0},"f":{"0":0,"1":0},"b":{"0":[0],"1":[0],"2":[0,0],"3":[0,0],"4":[0,0],"5":[0,0],"6":[0,0],"7":[0,0,0],"8":[0,0],"9":[0,0]}}
,"C:\\Users\\julbb\\Desktop\\MentesCreativas4-main\\MentesCreativas4-main\\MentesCreativas4-main\\src\\domains\\butterflies\\components\\ButterflyQuiz.tsx": {"path":"C:\\Users\\julbb\\Desktop\\MentesCreativas4-main\\MentesCreativas4-main\\MentesCreativas4-main\\src\\domains\\butterflies\\components\\ButterflyQuiz.tsx","statementMap":{"0":{"start":{"line":49,"column":0},"end":{"line":49,"column":24}},"1":{"start":{"line":1,"column":0},"end":{"line":1,"column":33}},"2":{"start":{"line":16,"column":30},"end":{"line":47,"column":2}},"3":{"start":{"line":50,"column":28},"end":{"line":50,"column":39}},"4":{"start":{"line":51,"column":34},"end":{"line":51,"column":70}},"5":{"start":{"line":52,"column":34},"end":{"line":52,"column":64}},"6":{"start":{"line":53,"column":28},"end":{"line":53,"column":39}},"7":{"start":{"line":55,"column":12},"end":{"line":55,"column":28}},"8":{"start":{"line":56,"column":17},"end":{"line":56,"column":47}},"9":{"start":{"line":58,"column":17},"end":{"line":63,"column":3}},"10":{"start":{"line":59,"column":4},"end":{"line":59,"column":26}},"11":{"start":{"line":59,"column":19},"end":{"line":59,"column":26}},"12":{"start":{"line":60,"column":20},"end":{"line":60,"column":41}},"13":{"start":{"line":61,"column":4},"end":{"line":61,"column":25}},"14":{"start":{"line":62,"column":4},"end":{"line":62,"column":48}},"15":{"start":{"line":62,"column":17},"end":{"line":62,"column":48}},"16":{"start":{"line":62,"column":41},"end":{"line":62,"column":46}},"17":{"start":{"line":65,"column":15},"end":{"line":69,"column":3}},"18":{"start":{"line":66,"column":4},"end":{"line":66,"column":22}},"19":{"start":{"line":67,"column":4},"end":{"line":67,"column":22}},"20":{"start":{"line":68,"column":4},"end":{"line":68,"column":68}},"21":{"start":{"line":68,"column":29},"end":{"line":68,"column":65}},"22":{"start":{"line":71,"column":2},"end":{"line":140,"column":4}},"23":{"start":{"line":80,"column":25},"end":{"line":80,"column":44}},"24":{"start":{"line":81,"column":26},"end":{"line":81,"column":65}},"25":{"start":{"line":82,"column":24},"end":{"line":82,"column":75}},"26":{"start":{"line":83,"column":23},"end":{"line":83,"column":87}},"27":{"start":{"line":84,"column":22},"end":{"line":92,"column":50}},"28":{"start":{"line":93,"column":10},"end":{"line":106,"column":12}},"29":{"start":{"line":98,"column":29},"end":{"line":98,"column":48}}},"fnMap":{"0":{"name":"ButterflyQuiz","decl":{"start":{"line":49,"column":24},"end":{"line":49,"column":37}},"loc":{"start":{"line":49,"column":37},"end":{"line":141,"column":1}}},"1":{"name":"(anonymous_1)","decl":{"start":{"line":58,"column":17},"end":{"line":58,"column":20}},"loc":{"start":{"line":58,"column":22},"end":{"line":63,"column":3}}},"2":{"name":"(anonymous_2)","decl":{"start":{"line":62,"column":26},"end":{"line":62,"column":27}},"loc":{"start":{"line":62,"column":41},"end":{"line":62,"column":46}}},"3":{"name":"(anonymous_3)","decl":{"start":{"line":65,"column":15},"end":{"line":65,"column":18}},"loc":{"start":{"line":65,"column":20},"end":{"line":69,"column":3}}},"4":{"name":"(anonymous_4)","decl":{"start":{"line":68,"column":13},"end":{"line":68,"column":14}},"loc":{"start":{"line":68,"column":29},"end":{"line":68,"column":65}}},"5":{"name":"(anonymous_5)","decl":{"start":{"line":79,"column":23},"end":{"line":79,"column":24}},"loc":{"start":{"line":79,"column":38},"end":{"line":107,"column":9}}},"6":{"name":"(anonymous_6)","decl":{"start":{"line":98,"column":23},"end":{"line":98,"column":26}},"loc":{"start":{"line":98,"column":29},"end":{"line":98,"column":48}}}},"branchMap":{"0":{"loc":{"start":{"line":59,"column":4},"end":{"line":59,"column":26}},"type":"if","locations":[{"start":{"line":59,"column":4},"end":{"line":59,"column":26}},{"start":{},"end":{}}]},"1":{"loc":{"start":{"line":62,"column":4},"end":{"line":62,"column":48}},"type":"if","locations":[{"start":{"line":62,"column":4},"end":{"line":62,"column":48}},{"start":{},"end":{}}]},"2":{"loc":{"start":{"line":68,"column":29},"end":{"line":68,"column":65}},"type":"cond-expr","locations":[{"start":{"line":68,"column":56},"end":{"line":68,"column":61}},{"start":{"line":68,"column":64},"end":{"line":68,"column":65}}]},"3":{"loc":{"start":{"line":81,"column":26},"end":{"line":81,"column":65}},"type":"binary-expr","locations":[{"start":{"line":81,"column":26},"end":{"line":81,"column":42}},{"start":{"line":81,"column":46},"end":{"line":81,"column":65}}]},"4":{"loc":{"start":{"line":82,"column":24},"end":{"line":82,"column":75}},"type":"binary-expr","locations":[{"start":{"line":82,"column":24},"end":{"line":82,"column":42}},{"start":{"line":82,"column":46},"end":{"line":82,"column":52}},{"start":{"line":82,"column":56},"end":{"line":82,"column":75}}]},"5":{"loc":{"start":{"line":84,"column":22},"end":{"line":92,"column":50}},"type":"cond-expr","locations":[{"start":{"line":85,"column":14},"end":{"line":87,"column":67}},{"start":{"line":88,"column":14},"end":{"line":92,"column":50}}]},"6":{"loc":{"start":{"line":85,"column":14},"end":{"line":87,"column":67}},"type":"cond-expr","locations":[{"start":{"line":86,"column":16},"end":{"line":86,"column":61}},{"start":{"line":87,"column":16},"end":{"line":87,"column":67}}]},"7":{"loc":{"start":{"line":88,"column":14},"end":{"line":92,"column":50}},"type":"cond-expr","locations":[{"start":{"line":89,"column":14},"end":{"line":89,"column":63}},{"start":{"line":90,"column":14},"end":{"line":92,"column":50}}]},"8":{"loc":{"start":{"line":90,"column":14},"end":{"line":92,"column":50}},"type":"cond-expr","locations":[{"start":{"line":91,"column":14},"end":{"line":91,"column":57}},{"start":{"line":92,"column":14},"end":{"line":92,"column":50}}]},"9":{"loc":{"start":{"line":110,"column":9},"end":{"line":133,"column":null}},"type":"cond-expr","locations":[{"start":{"line":111,"column":10},"end":{"line":115,"column":null}},{"start":{"line":120,"column":10},"end":{"line":132,"column":null}}]},"10":{"loc":{"start":{"line":121,"column":29},"end":{"line":121,"column":76}},"type":"cond-expr","locations":[{"start":{"line":121,"column":40},"end":{"line":121,"column":58}},{"start":{"line":121,"column":61},"end":{"line":121,"column":76}}]},"11":{"loc":{"start":{"line":122,"column":15},"end":{"line":122,"column":54}},"type":"cond-expr","locations":[{"start":{"line":122,"column":26},"end":{"line":122,"column":38}},{"start":{"line":122,"column":41},"end":{"line":122,"column":54}}]},"12":{"loc":{"start":{"line":124,"column":13},"end":{"line":131,"column":null}},"type":"binary-expr","locations":[{"start":{"line":124,"column":13},"end":{"line":124,"column":20}},{"start":{"line":125,"column":14},"end":{"line":128,"column":null}}]},"13":{"loc":{"start":{"line":136,"column":7},"end":{"line":137,"column":null}},"type":"binary-expr","locations":[{"start":{"line":136,"column":7},"end":{"line":136,"column":23}},{"start":{"line":137,"column":8},"end":{"line":137,"column":73}}]}},"s":{"0":2,"1":2,"2":2,"3":0,"4":0,"5":0,"6":0,"7":0,"8":0,"9":0,"10":0,"11":0,"12":0,"13":0,"14":0,"15":0,"16":0,"17":0,"18":0,"19":0,"20":0,"21":0,"22":0,"23":0,"24":0,"25":0,"26":0,"27":0,"28":0,"29":0},"f":{"0":0,"1":0,"2":0,"3":0,"4":0,"5":0,"6":0},"b":{"0":[0,0],"1":[0,0],"2":[0,0],"3":[0,0],"4":[0,0,0],"5":[0,0],"6":[0,0],"7":[0,0],"8":[0,0],"9":[0,0],"10":[0,0],"11":[0,0],"12":[0,0],"13":[0,0]}}
,"C:\\Users\\julbb\\Desktop\\MentesCreativas4-main\\MentesCreativas4-main\\MentesCreativas4-main\\src\\domains\\butterflies\\pages\\ButterfliesPage.tsx": {"path":"C:\\Users\\julbb\\Desktop\\MentesCreativas4-main\\MentesCreativas4-main\\MentesCreativas4-main\\src\\domains\\butterflies\\pages\\ButterfliesPage.tsx","statementMap":{"0":{"start":{"line":8,"column":0},"end":{"line":8,"column":24}},"1":{"start":{"line":1,"column":0},"end":{"line":1,"column":42}},"2":{"start":{"line":2,"column":0},"end":{"line":2,"column":44}},"3":{"start":{"line":3,"column":0},"end":{"line":3,"column":50}},"4":{"start":{"line":4,"column":0},"end":{"line":4,"column":48}},"5":{"start":{"line":5,"column":0},"end":{"line":5,"column":57}},"6":{"start":{"line":6,"column":0},"end":{"line":6,"column":56}},"7":{"start":{"line":9,"column":38},"end":{"line":9,"column":69}},"8":{"start":{"line":10,"column":36},"end":{"line":10,"column":57}},"9":{"start":{"line":11,"column":34},"end":{"line":11,"column":57}},"10":{"start":{"line":13,"column":36},"end":{"line":15,"column":null}},"11":{"start":{"line":14,"column":10},"end":{"line":14,"column":64}},"12":{"start":{"line":14,"column":30},"end":{"line":14,"column":49}},"13":{"start":{"line":18,"column":2},"end":{"line":104,"column":4}},"14":{"start":{"line":30,"column":14},"end":{"line":31,"column":null}},"15":{"start":{"line":33,"column":31},"end":{"line":33,"column":51}},"16":{"start":{"line":39,"column":20},"end":{"line":39,"column":34}},"17":{"start":{"line":55,"column":29},"end":{"line":55,"column":69}},"18":{"start":{"line":62,"column":25},"end":{"line":62,"column":43}},"19":{"start":{"line":62,"column":40},"end":{"line":62,"column":42}}},"fnMap":{"0":{"name":"ButterfliesPage","decl":{"start":{"line":8,"column":24},"end":{"line":8,"column":39}},"loc":{"start":{"line":8,"column":39},"end":{"line":105,"column":1}}},"1":{"name":"(anonymous_2)","decl":{"start":{"line":14,"column":4},"end":{"line":14,"column":7}},"loc":{"start":{"line":14,"column":10},"end":{"line":14,"column":64}}},"2":{"name":"(anonymous_3)","decl":{"start":{"line":14,"column":23},"end":{"line":14,"column":24}},"loc":{"start":{"line":14,"column":30},"end":{"line":14,"column":49}}},"3":{"name":"(anonymous_4)","decl":{"start":{"line":29,"column":25},"end":{"line":29,"column":26}},"loc":{"start":{"line":30,"column":14},"end":{"line":31,"column":null}}},"4":{"name":"(anonymous_5)","decl":{"start":{"line":33,"column":25},"end":{"line":33,"column":28}},"loc":{"start":{"line":33,"column":31},"end":{"line":33,"column":51}}},"5":{"name":"(anonymous_6)","decl":{"start":{"line":38,"column":45},"end":{"line":38,"column":46}},"loc":{"start":{"line":39,"column":20},"end":{"line":39,"column":34}}},"6":{"name":"(anonymous_7)","decl":{"start":{"line":55,"column":24},"end":{"line":55,"column":25}},"loc":{"start":{"line":55,"column":29},"end":{"line":55,"column":69}}},"7":{"name":"(anonymous_8)","decl":{"start":{"line":62,"column":21},"end":{"line":62,"column":23}},"loc":{"start":{"line":62,"column":25},"end":{"line":62,"column":43}}},"8":{"name":"(anonymous_9)","decl":{"start":{"line":62,"column":37},"end":{"line":62,"column":38}},"loc":{"start":{"line":62,"column":40},"end":{"line":62,"column":42}}}},"branchMap":{"0":{"loc":{"start":{"line":14,"column":10},"end":{"line":14,"column":64}},"type":"binary-expr","locations":[{"start":{"line":14,"column":10},"end":{"line":14,"column":50}},{"start":{"line":14,"column":54},"end":{"line":14,"column":64}}]},"1":{"loc":{"start":{"line":34,"column":101},"end":{"line":34,"column":220}},"type":"cond-expr","locations":[{"start":{"line":34,"column":120},"end":{"line":34,"column":168}},{"start":{"line":34,"column":169},"end":{"line":34,"column":220}}]},"2":{"loc":{"start":{"line":65,"column":13},"end":{"line":65,"column":73}},"type":"cond-expr","locations":[{"start":{"line":65,"column":22},"end":{"line":65,"column":47}},{"start":{"line":65,"column":48},"end":{"line":65,"column":73}}]}},"s":{"0":2,"1":2,"2":2,"3":2,"4":2,"5":2,"6":2,"7":0,"8":0,"9":0,"10":0,"11":0,"12":0,"13":0,"14":0,"15":0,"16":0,"17":0,"18":0,"19":0},"f":{"0":0,"1":0,"2":0,"3":0,"4":0,"5":0,"6":0,"7":0,"8":0},"b":{"0":[0,0],"1":[0,0],"2":[0,0]}}
,"C:\\Users\\julbb\\Desktop\\MentesCreativas4-main\\MentesCreativas4-main\\MentesCreativas4-main\\src\\domains\\butterflies\\pages\\ButterfliesView.tsx": {"path":"C:\\Users\\julbb\\Desktop\\MentesCreativas4-main\\MentesCreativas4-main\\MentesCreativas4-main\\src\\domains\\butterflies\\pages\\ButterfliesView.tsx","statementMap":{"0":{"start":{"line":1,"column":0},"end":{"line":1,"column":9}},"1":{"start":{"line":1,"column":9},"end":{"line":1,"column":44}}},"fnMap":{"0":{"name":"(anonymous_1)","decl":{"start":{"line":1,"column":9},"end":{"line":1,"column":16}},"loc":{"start":{"line":1,"column":9},"end":{"line":1,"column":44}}}},"branchMap":{},"s":{"0":2,"1":4},"f":{"0":2},"b":{}}
,"C:\\Users\\julbb\\Desktop\\MentesCreativas4-main\\MentesCreativas4-main\\MentesCreativas4-main\\src\\domains\\energy-lab\\components\\Windmill.tsx": {"path":"C:\\Users\\julbb\\Desktop\\MentesCreativas4-main\\MentesCreativas4-main\\MentesCreativas4-main\\src\\domains\\energy-lab\\components\\Windmill.tsx","statementMap":{"0":{"start":{"line":11,"column":0},"end":{"line":11,"column":24}},"1":{"start":{"line":1,"column":0},"end":{"line":1,"column":40}},"2":{"start":{"line":2,"column":0},"end":{"line":2,"column":46}},"3":{"start":{"line":9,"column":20},"end":{"line":9,"column":21}},"4":{"start":{"line":12,"column":19},"end":{"line":12,"column":38}},"5":{"start":{"line":13,"column":22},"end":{"line":13,"column":128}},"6":{"start":{"line":13,"column":36},"end":{"line":13,"column":123}},"7":{"start":{"line":13,"column":85},"end":{"line":13,"column":122}},"8":{"start":{"line":15,"column":1},"end":{"line":20,"column":4}},"9":{"start":{"line":16,"column":17},"end":{"line":16,"column":34}},"10":{"start":{"line":17,"column":2},"end":{"line":19,"column":3}},"11":{"start":{"line":18,"column":3},"end":{"line":18,"column":46}},"12":{"start":{"line":22,"column":1},"end":{"line":47,"column":3}},"13":{"start":{"line":36,"column":5},"end":{"line":36,"column":23}}},"fnMap":{"0":{"name":"Windmill","decl":{"start":{"line":11,"column":24},"end":{"line":11,"column":32}},"loc":{"start":{"line":11,"column":65},"end":{"line":48,"column":1}}},"1":{"name":"(anonymous_1)","decl":{"start":{"line":13,"column":30},"end":{"line":13,"column":33}},"loc":{"start":{"line":13,"column":36},"end":{"line":13,"column":123}}},"2":{"name":"(anonymous_2)","decl":{"start":{"line":13,"column":71},"end":{"line":13,"column":72}},"loc":{"start":{"line":13,"column":85},"end":{"line":13,"column":122}}},"3":{"name":"(anonymous_3)","decl":{"start":{"line":15,"column":10},"end":{"line":15,"column":11}},"loc":{"start":{"line":15,"column":45},"end":{"line":20,"column":2}}},"4":{"name":"(anonymous_4)","decl":{"start":{"line":35,"column":22},"end":{"line":35,"column":23}},"loc":{"start":{"line":36,"column":5},"end":{"line":36,"column":23}}}},"branchMap":{"0":{"loc":{"start":{"line":17,"column":2},"end":{"line":19,"column":3}},"type":"if","locations":[{"start":{"line":17,"column":2},"end":{"line":19,"column":3}},{"start":{},"end":{}}]}},"s":{"0":1,"1":1,"2":1,"3":1,"4":0,"5":0,"6":0,"7":0,"8":0,"9":0,"10":0,"11":0,"12":0,"13":0},"f":{"0":0,"1":0,"2":0,"3":0,"4":0},"b":{"0":[0,0]}}
,"C:\\Users\\julbb\\Desktop\\MentesCreativas4-main\\MentesCreativas4-main\\MentesCreativas4-main\\src\\domains\\energy-lab\\pages\\EnergyLabPage.tsx": {"path":"C:\\Users\\julbb\\Desktop\\MentesCreativas4-main\\MentesCreativas4-main\\MentesCreativas4-main\\src\\domains\\energy-lab\\pages\\EnergyLabPage.tsx","statementMap":{"0":{"start":{"line":17,"column":0},"end":{"line":17,"column":24}},"1":{"start":{"line":1,"column":0},"end":{"line":1,"column":42}},"2":{"start":{"line":2,"column":0},"end":{"line":2,"column":48}},"3":{"start":{"line":4,"column":28},"end":{"line":4,"column":30}},"4":{"start":{"line":5,"column":20},"end":{"line":5,"column":25}},"5":{"start":{"line":6,"column":27},"end":{"line":6,"column":31}},"6":{"start":{"line":7,"column":22},"end":{"line":7,"column":24}},"7":{"start":{"line":8,"column":19},"end":{"line":8,"column":23}},"8":{"start":{"line":10,"column":18},"end":{"line":10,"column":52}},"9":{"start":{"line":12,"column":24},"end":{"line":15,"column":1}},"10":{"start":{"line":13,"column":15},"end":{"line":13,"column":82}},"11":{"start":{"line":14,"column":1},"end":{"line":14,"column":21}},"12":{"start":{"line":18,"column":35},"end":{"line":18,"column":46}},"13":{"start":{"line":20,"column":44},"end":{"line":28,"column":16}},"14":{"start":{"line":21,"column":16},"end":{"line":21,"column":42}},"15":{"start":{"line":22,"column":17},"end":{"line":22,"column":38}},"16":{"start":{"line":23,"column":2},"end":{"line":27,"column":4}},"17":{"start":{"line":30,"column":1},"end":{"line":100,"column":3}},"18":{"start":{"line":63,"column":27},"end":{"line":63,"column":71}}},"fnMap":{"0":{"name":"(anonymous_1)","decl":{"start":{"line":12,"column":24},"end":{"line":12,"column":25}},"loc":{"start":{"line":12,"column":46},"end":{"line":15,"column":1}}},"1":{"name":"EnergyLabPage","decl":{"start":{"line":17,"column":24},"end":{"line":17,"column":37}},"loc":{"start":{"line":17,"column":37},"end":{"line":101,"column":1}}},"2":{"name":"(anonymous_3)","decl":{"start":{"line":20,"column":52},"end":{"line":20,"column":55}},"loc":{"start":{"line":20,"column":57},"end":{"line":28,"column":2}}},"3":{"name":"(anonymous_4)","decl":{"start":{"line":63,"column":16},"end":{"line":63,"column":17}},"loc":{"start":{"line":63,"column":27},"end":{"line":63,"column":71}}}},"branchMap":{},"s":{"0":1,"1":1,"2":1,"3":1,"4":1,"5":1,"6":1,"7":1,"8":1,"9":1,"10":3,"11":3,"12":3,"13":3,"14":3,"15":3,"16":3,"17":3,"18":1},"f":{"0":3,"1":3,"2":3,"3":1},"b":{}}
,"C:\\Users\\julbb\\Desktop\\MentesCreativas4-main\\MentesCreativas4-main\\MentesCreativas4-main\\src\\domains\\energy-lab\\scenes\\EnergyScene.tsx": {"path":"C:\\Users\\julbb\\Desktop\\MentesCreativas4-main\\MentesCreativas4-main\\MentesCreativas4-main\\src\\domains\\energy-lab\\scenes\\EnergyScene.tsx","statementMap":{"0":{"start":{"line":18,"column":0},"end":{"line":18,"column":24}},"1":{"start":{"line":1,"column":0},"end":{"line":1,"column":44}},"2":{"start":{"line":2,"column":0},"end":{"line":2,"column":55}},"3":{"start":{"line":3,"column":0},"end":{"line":3,"column":46}},"4":{"start":{"line":10,"column":1},"end":{"line":15,"column":3}},"5":{"start":{"line":19,"column":1},"end":{"line":38,"column":3}}},"fnMap":{"0":{"name":"GroundPlane","decl":{"start":{"line":9,"column":9},"end":{"line":9,"column":20}},"loc":{"start":{"line":9,"column":20},"end":{"line":16,"column":1}}},"1":{"name":"EnergyScene","decl":{"start":{"line":18,"column":24},"end":{"line":18,"column":35}},"loc":{"start":{"line":18,"column":67},"end":{"line":39,"column":1}}}},"branchMap":{},"s":{"0":1,"1":1,"2":1,"3":1,"4":0,"5":3},"f":{"0":0,"1":3},"b":{}}
,"C:\\Users\\julbb\\Desktop\\MentesCreativas4-main\\MentesCreativas4-main\\MentesCreativas4-main\\src\\domains\\shapes-3d\\components\\Cube.tsx": {"path":"C:\\Users\\julbb\\Desktop\\MentesCreativas4-main\\MentesCreativas4-main\\MentesCreativas4-main\\src\\domains\\shapes-3d\\components\\Cube.tsx","statementMap":{"0":{"start":{"line":11,"column":0},"end":{"line":11,"column":24}},"1":{"start":{"line":1,"column":0},"end":{"line":1,"column":46}},"2":{"start":{"line":2,"column":0},"end":{"line":2,"column":31}},"3":{"start":{"line":12,"column":17},"end":{"line":12,"column":35}},"4":{"start":{"line":14,"column":1},"end":{"line":20,"column":4}},"5":{"start":{"line":15,"column":15},"end":{"line":15,"column":30}},"6":{"start":{"line":16,"column":2},"end":{"line":19,"column":3}},"7":{"start":{"line":17,"column":3},"end":{"line":17,"column":46}},"8":{"start":{"line":18,"column":3},"end":{"line":18,"column":46}},"9":{"start":{"line":22,"column":1},"end":{"line":32,"column":3}}},"fnMap":{"0":{"name":"Cube","decl":{"start":{"line":11,"column":24},"end":{"line":11,"column":28}},"loc":{"start":{"line":11,"column":88},"end":{"line":33,"column":1}}},"1":{"name":"(anonymous_1)","decl":{"start":{"line":14,"column":10},"end":{"line":14,"column":11}},"loc":{"start":{"line":14,"column":45},"end":{"line":20,"column":2}}}},"branchMap":{"0":{"loc":{"start":{"line":11,"column":43},"end":{"line":11,"column":60}},"type":"default-arg","locations":[{"start":{"line":11,"column":51},"end":{"line":11,"column":60}}]},"1":{"loc":{"start":{"line":11,"column":62},"end":{"line":11,"column":75}},"type":"default-arg","locations":[{"start":{"line":11,"column":74},"end":{"line":11,"column":75}}]},"2":{"loc":{"start":{"line":16,"column":2},"end":{"line":19,"column":3}},"type":"if","locations":[{"start":{"line":16,"column":2},"end":{"line":19,"column":3}},{"start":{},"end":{}}]}},"s":{"0":3,"1":3,"2":3,"3":0,"4":0,"5":0,"6":0,"7":0,"8":0,"9":0},"f":{"0":0,"1":0},"b":{"0":[0],"1":[0],"2":[0,0]}}
,"C:\\Users\\julbb\\Desktop\\MentesCreativas4-main\\MentesCreativas4-main\\MentesCreativas4-main\\src\\domains\\shapes-3d\\components\\Cylinder.tsx": {"path":"C:\\Users\\julbb\\Desktop\\MentesCreativas4-main\\MentesCreativas4-main\\MentesCreativas4-main\\src\\domains\\shapes-3d\\components\\Cylinder.tsx","statementMap":{"0":{"start":{"line":12,"column":0},"end":{"line":12,"column":24}},"1":{"start":{"line":1,"column":0},"end":{"line":1,"column":46}},"2":{"start":{"line":2,"column":0},"end":{"line":2,"column":31}},"3":{"start":{"line":13,"column":18},"end":{"line":13,"column":36}},"4":{"start":{"line":15,"column":2},"end":{"line":21,"column":5}},"5":{"start":{"line":16,"column":17},"end":{"line":16,"column":32}},"6":{"start":{"line":17,"column":4},"end":{"line":20,"column":5}},"7":{"start":{"line":18,"column":6},"end":{"line":18,"column":50}},"8":{"start":{"line":19,"column":6},"end":{"line":19,"column":49}},"9":{"start":{"line":23,"column":2},"end":{"line":28,"column":4}}},"fnMap":{"0":{"name":"Cylinder","decl":{"start":{"line":12,"column":24},"end":{"line":12,"column":32}},"loc":{"start":{"line":12,"column":112},"end":{"line":29,"column":1}}},"1":{"name":"(anonymous_1)","decl":{"start":{"line":15,"column":11},"end":{"line":15,"column":12}},"loc":{"start":{"line":15,"column":46},"end":{"line":21,"column":3}}}},"branchMap":{"0":{"loc":{"start":{"line":12,"column":35},"end":{"line":12,"column":47}},"type":"default-arg","locations":[{"start":{"line":12,"column":44},"end":{"line":12,"column":47}}]},"1":{"loc":{"start":{"line":12,"column":49},"end":{"line":12,"column":61}},"type":"default-arg","locations":[{"start":{"line":12,"column":58},"end":{"line":12,"column":61}}]},"2":{"loc":{"start":{"line":12,"column":63},"end":{"line":12,"column":80}},"type":"default-arg","locations":[{"start":{"line":12,"column":71},"end":{"line":12,"column":80}}]},"3":{"loc":{"start":{"line":12,"column":82},"end":{"line":12,"column":95}},"type":"default-arg","locations":[{"start":{"line":12,"column":94},"end":{"line":12,"column":95}}]},"4":{"loc":{"start":{"line":17,"column":4},"end":{"line":20,"column":5}},"type":"if","locations":[{"start":{"line":17,"column":4},"end":{"line":20,"column":5}},{"start":{},"end":{}}]}},"s":{"0":3,"1":3,"2":3,"3":0,"4":0,"5":0,"6":0,"7":0,"8":0,"9":0},"f":{"0":0,"1":0},"b":{"0":[0],"1":[0],"2":[0],"3":[0],"4":[0,0]}}
,"C:\\Users\\julbb\\Desktop\\MentesCreativas4-main\\MentesCreativas4-main\\MentesCreativas4-main\\src\\domains\\shapes-3d\\components\\ShapesQuiz.tsx": {"path":"C:\\Users\\julbb\\Desktop\\MentesCreativas4-main\\MentesCreativas4-main\\MentesCreativas4-main\\src\\domains\\shapes-3d\\components\\ShapesQuiz.tsx","statementMap":{"0":{"start":{"line":49,"column":0},"end":{"line":49,"column":24}},"1":{"start":{"line":1,"column":0},"end":{"line":1,"column":33}},"2":{"start":{"line":13,"column":30},"end":{"line":47,"column":2}},"3":{"start":{"line":50,"column":28},"end":{"line":50,"column":39}},"4":{"start":{"line":51,"column":34},"end":{"line":51,"column":70}},"5":{"start":{"line":52,"column":34},"end":{"line":52,"column":64}},"6":{"start":{"line":53,"column":28},"end":{"line":53,"column":39}},"7":{"start":{"line":55,"column":12},"end":{"line":55,"column":28}},"8":{"start":{"line":56,"column":17},"end":{"line":56,"column":47}},"9":{"start":{"line":58,"column":17},"end":{"line":63,"column":3}},"10":{"start":{"line":59,"column":4},"end":{"line":59,"column":26}},"11":{"start":{"line":59,"column":19},"end":{"line":59,"column":26}},"12":{"start":{"line":60,"column":20},"end":{"line":60,"column":41}},"13":{"start":{"line":61,"column":4},"end":{"line":61,"column":25}},"14":{"start":{"line":62,"column":4},"end":{"line":62,"column":48}},"15":{"start":{"line":62,"column":17},"end":{"line":62,"column":48}},"16":{"start":{"line":62,"column":41},"end":{"line":62,"column":46}},"17":{"start":{"line":65,"column":15},"end":{"line":69,"column":3}},"18":{"start":{"line":66,"column":4},"end":{"line":66,"column":22}},"19":{"start":{"line":67,"column":4},"end":{"line":67,"column":22}},"20":{"start":{"line":68,"column":4},"end":{"line":68,"column":68}},"21":{"start":{"line":68,"column":29},"end":{"line":68,"column":65}},"22":{"start":{"line":71,"column":2},"end":{"line":140,"column":4}},"23":{"start":{"line":80,"column":25},"end":{"line":80,"column":44}},"24":{"start":{"line":81,"column":26},"end":{"line":81,"column":65}},"25":{"start":{"line":82,"column":24},"end":{"line":82,"column":75}},"26":{"start":{"line":83,"column":23},"end":{"line":83,"column":87}},"27":{"start":{"line":84,"column":22},"end":{"line":92,"column":50}},"28":{"start":{"line":93,"column":10},"end":{"line":106,"column":12}},"29":{"start":{"line":98,"column":29},"end":{"line":98,"column":48}}},"fnMap":{"0":{"name":"ShapesQuiz","decl":{"start":{"line":49,"column":24},"end":{"line":49,"column":34}},"loc":{"start":{"line":49,"column":34},"end":{"line":141,"column":1}}},"1":{"name":"(anonymous_1)","decl":{"start":{"line":58,"column":17},"end":{"line":58,"column":20}},"loc":{"start":{"line":58,"column":22},"end":{"line":63,"column":3}}},"2":{"name":"(anonymous_2)","decl":{"start":{"line":62,"column":26},"end":{"line":62,"column":27}},"loc":{"start":{"line":62,"column":41},"end":{"line":62,"column":46}}},"3":{"name":"(anonymous_3)","decl":{"start":{"line":65,"column":15},"end":{"line":65,"column":18}},"loc":{"start":{"line":65,"column":20},"end":{"line":69,"column":3}}},"4":{"name":"(anonymous_4)","decl":{"start":{"line":68,"column":13},"end":{"line":68,"column":14}},"loc":{"start":{"line":68,"column":29},"end":{"line":68,"column":65}}},"5":{"name":"(anonymous_5)","decl":{"start":{"line":79,"column":23},"end":{"line":79,"column":24}},"loc":{"start":{"line":79,"column":30},"end":{"line":107,"column":9}}},"6":{"name":"(anonymous_6)","decl":{"start":{"line":98,"column":23},"end":{"line":98,"column":26}},"loc":{"start":{"line":98,"column":29},"end":{"line":98,"column":48}}}},"branchMap":{"0":{"loc":{"start":{"line":59,"column":4},"end":{"line":59,"column":26}},"type":"if","locations":[{"start":{"line":59,"column":4},"end":{"line":59,"column":26}},{"start":{},"end":{}}]},"1":{"loc":{"start":{"line":62,"column":4},"end":{"line":62,"column":48}},"type":"if","locations":[{"start":{"line":62,"column":4},"end":{"line":62,"column":48}},{"start":{},"end":{}}]},"2":{"loc":{"start":{"line":68,"column":29},"end":{"line":68,"column":65}},"type":"cond-expr","locations":[{"start":{"line":68,"column":56},"end":{"line":68,"column":61}},{"start":{"line":68,"column":64},"end":{"line":68,"column":65}}]},"3":{"loc":{"start":{"line":81,"column":26},"end":{"line":81,"column":65}},"type":"binary-expr","locations":[{"start":{"line":81,"column":26},"end":{"line":81,"column":42}},{"start":{"line":81,"column":46},"end":{"line":81,"column":65}}]},"4":{"loc":{"start":{"line":82,"column":24},"end":{"line":82,"column":75}},"type":"binary-expr","locations":[{"start":{"line":82,"column":24},"end":{"line":82,"column":42}},{"start":{"line":82,"column":46},"end":{"line":82,"column":52}},{"start":{"line":82,"column":56},"end":{"line":82,"column":75}}]},"5":{"loc":{"start":{"line":84,"column":22},"end":{"line":92,"column":50}},"type":"cond-expr","locations":[{"start":{"line":85,"column":14},"end":{"line":87,"column":65}},{"start":{"line":88,"column":14},"end":{"line":92,"column":50}}]},"6":{"loc":{"start":{"line":85,"column":14},"end":{"line":87,"column":65}},"type":"cond-expr","locations":[{"start":{"line":86,"column":16},"end":{"line":86,"column":57}},{"start":{"line":87,"column":16},"end":{"line":87,"column":65}}]},"7":{"loc":{"start":{"line":88,"column":14},"end":{"line":92,"column":50}},"type":"cond-expr","locations":[{"start":{"line":89,"column":14},"end":{"line":89,"column":63}},{"start":{"line":90,"column":14},"end":{"line":92,"column":50}}]},"8":{"loc":{"start":{"line":90,"column":14},"end":{"line":92,"column":50}},"type":"cond-expr","locations":[{"start":{"line":91,"column":14},"end":{"line":91,"column":57}},{"start":{"line":92,"column":14},"end":{"line":92,"column":50}}]},"9":{"loc":{"start":{"line":110,"column":9},"end":{"line":133,"column":null}},"type":"cond-expr","locations":[{"start":{"line":111,"column":10},"end":{"line":115,"column":null}},{"start":{"line":120,"column":10},"end":{"line":132,"column":null}}]},"10":{"loc":{"start":{"line":121,"column":29},"end":{"line":121,"column":76}},"type":"cond-expr","locations":[{"start":{"line":121,"column":40},"end":{"line":121,"column":58}},{"start":{"line":121,"column":61},"end":{"line":121,"column":76}}]},"11":{"loc":{"start":{"line":122,"column":15},"end":{"line":122,"column":54}},"type":"cond-expr","locations":[{"start":{"line":122,"column":26},"end":{"line":122,"column":38}},{"start":{"line":122,"column":41},"end":{"line":122,"column":54}}]},"12":{"loc":{"start":{"line":124,"column":13},"end":{"line":131,"column":null}},"type":"binary-expr","locations":[{"start":{"line":124,"column":13},"end":{"line":124,"column":20}},{"start":{"line":125,"column":14},"end":{"line":128,"column":null}}]},"13":{"loc":{"start":{"line":136,"column":7},"end":{"line":137,"column":null}},"type":"binary-expr","locations":[{"start":{"line":136,"column":7},"end":{"line":136,"column":23}},{"start":{"line":137,"column":8},"end":{"line":137,"column":71}}]}},"s":{"0":3,"1":3,"2":3,"3":3,"4":3,"5":3,"6":3,"7":3,"8":3,"9":3,"10":0,"11":0,"12":0,"13":0,"14":0,"15":0,"16":0,"17":3,"18":0,"19":0,"20":0,"21":0,"22":3,"23":9,"24":9,"25":9,"26":9,"27":9,"28":9,"29":0},"f":{"0":3,"1":0,"2":0,"3":0,"4":0,"5":9,"6":0},"b":{"0":[0,0],"1":[0,0],"2":[0,0],"3":[9,0],"4":[9,0,0],"5":[9,0],"6":[0,9],"7":[0,0],"8":[0,0],"9":[3,0],"10":[0,0],"11":[0,0],"12":[0,0],"13":[3,0]}}
,"C:\\Users\\julbb\\Desktop\\MentesCreativas4-main\\MentesCreativas4-main\\MentesCreativas4-main\\src\\domains\\shapes-3d\\components\\Sphere.tsx": {"path":"C:\\Users\\julbb\\Desktop\\MentesCreativas4-main\\MentesCreativas4-main\\MentesCreativas4-main\\src\\domains\\shapes-3d\\components\\Sphere.tsx","statementMap":{"0":{"start":{"line":11,"column":0},"end":{"line":11,"column":24}},"1":{"start":{"line":1,"column":0},"end":{"line":1,"column":46}},"2":{"start":{"line":2,"column":0},"end":{"line":2,"column":31}},"3":{"start":{"line":12,"column":17},"end":{"line":12,"column":35}},"4":{"start":{"line":14,"column":1},"end":{"line":19,"column":4}},"5":{"start":{"line":15,"column":15},"end":{"line":15,"column":30}},"6":{"start":{"line":16,"column":2},"end":{"line":18,"column":3}},"7":{"start":{"line":17,"column":3},"end":{"line":17,"column":46}},"8":{"start":{"line":21,"column":1},"end":{"line":32,"column":3}}},"fnMap":{"0":{"name":"Sphere","decl":{"start":{"line":11,"column":24},"end":{"line":11,"column":30}},"loc":{"start":{"line":11,"column":88},"end":{"line":33,"column":1}}},"1":{"name":"(anonymous_1)","decl":{"start":{"line":14,"column":10},"end":{"line":14,"column":11}},"loc":{"start":{"line":14,"column":45},"end":{"line":19,"column":2}}}},"branchMap":{"0":{"loc":{"start":{"line":11,"column":41},"end":{"line":11,"column":58}},"type":"default-arg","locations":[{"start":{"line":11,"column":49},"end":{"line":11,"column":58}}]},"1":{"loc":{"start":{"line":11,"column":60},"end":{"line":11,"column":73}},"type":"default-arg","locations":[{"start":{"line":11,"column":72},"end":{"line":11,"column":73}}]},"2":{"loc":{"start":{"line":16,"column":2},"end":{"line":18,"column":3}},"type":"if","locations":[{"start":{"line":16,"column":2},"end":{"line":18,"column":3}},{"start":{},"end":{}}]}},"s":{"0":3,"1":3,"2":3,"3":0,"4":0,"5":0,"6":0,"7":0,"8":0},"f":{"0":0,"1":0},"b":{"0":[0],"1":[0],"2":[0,0]}}
,"C:\\Users\\julbb\\Desktop\\MentesCreativas4-main\\MentesCreativas4-main\\MentesCreativas4-main\\src\\domains\\shapes-3d\\lib\\geometry.ts": {"path":"C:\\Users\\julbb\\Desktop\\MentesCreativas4-main\\MentesCreativas4-main\\MentesCreativas4-main\\src\\domains\\shapes-3d\\lib\\geometry.ts","statementMap":{"0":{"start":{"line":1,"column":26},"end":{"line":1,"column":94}},"1":{"start":{"line":1,"column":46},"end":{"line":1,"column":93}},"2":{"start":{"line":3,"column":31},"end":{"line":6,"column":1}},"3":{"start":{"line":4,"column":16},"end":{"line":4,"column":39}},"4":{"start":{"line":5,"column":1},"end":{"line":5,"column":28}},"5":{"start":{"line":3,"column":13},"end":{"line":3,"column":31}},"6":{"start":{"line":8,"column":26},"end":{"line":11,"column":1}},"7":{"start":{"line":9,"column":16},"end":{"line":9,"column":39}},"8":{"start":{"line":10,"column":1},"end":{"line":10,"column":20}},"9":{"start":{"line":8,"column":13},"end":{"line":8,"column":26}},"10":{"start":{"line":13,"column":33},"end":{"line":16,"column":1}},"11":{"start":{"line":14,"column":15},"end":{"line":14,"column":40}},"12":{"start":{"line":15,"column":1},"end":{"line":15,"column":36}},"13":{"start":{"line":13,"column":13},"end":{"line":13,"column":33}},"14":{"start":{"line":18,"column":28},"end":{"line":21,"column":1}},"15":{"start":{"line":19,"column":15},"end":{"line":19,"column":40}},"16":{"start":{"line":20,"column":1},"end":{"line":20,"column":39}},"17":{"start":{"line":18,"column":13},"end":{"line":18,"column":28}},"18":{"start":{"line":23,"column":27},"end":{"line":27,"column":1}},"19":{"start":{"line":24,"column":1},"end":{"line":24,"column":39}},"20":{"start":{"line":24,"column":30},"end":{"line":24,"column":39}},"21":{"start":{"line":25,"column":16},"end":{"line":25,"column":30}},"22":{"start":{"line":26,"column":1},"end":{"line":26,"column":44}},"23":{"start":{"line":23,"column":13},"end":{"line":23,"column":27}},"24":{"start":{"line":29,"column":28},"end":{"line":34,"column":1}},"25":{"start":{"line":30,"column":1},"end":{"line":33,"column":14}},"26":{"start":{"line":29,"column":13},"end":{"line":29,"column":28}},"27":{"start":{"line":41,"column":27},"end":{"line":44,"column":2}},"28":{"start":{"line":41,"column":60},"end":{"line":44,"column":2}},"29":{"start":{"line":41,"column":13},"end":{"line":41,"column":27}},"30":{"start":{"line":46,"column":29},"end":{"line":49,"column":2}},"31":{"start":{"line":46,"column":64},"end":{"line":49,"column":2}},"32":{"start":{"line":46,"column":13},"end":{"line":46,"column":29}},"33":{"start":{"line":52,"column":35},"end":{"line":56,"column":1}},"34":{"start":{"line":53,"column":11},"end":{"line":53,"column":36}},"35":{"start":{"line":54,"column":11},"end":{"line":54,"column":36}},"36":{"start":{"line":55,"column":1},"end":{"line":55,"column":34}},"37":{"start":{"line":52,"column":13},"end":{"line":52,"column":35}},"38":{"start":{"line":58,"column":30},"end":{"line":62,"column":1}},"39":{"start":{"line":59,"column":11},"end":{"line":59,"column":36}},"40":{"start":{"line":60,"column":11},"end":{"line":60,"column":36}},"41":{"start":{"line":61,"column":1},"end":{"line":61,"column":28}},"42":{"start":{"line":58,"column":13},"end":{"line":58,"column":30}},"43":{"start":{"line":64,"column":31},"end":{"line":67,"column":2}},"44":{"start":{"line":64,"column":82},"end":{"line":67,"column":2}},"45":{"start":{"line":64,"column":13},"end":{"line":64,"column":31}}},"fnMap":{"0":{"name":"(anonymous_0)","decl":{"start":{"line":1,"column":26},"end":{"line":1,"column":27}},"loc":{"start":{"line":1,"column":46},"end":{"line":1,"column":93}}},"1":{"name":"(anonymous_1)","decl":{"start":{"line":3,"column":31},"end":{"line":3,"column":32}},"loc":{"start":{"line":3,"column":48},"end":{"line":6,"column":1}}},"2":{"name":"(anonymous_2)","decl":{"start":{"line":8,"column":26},"end":{"line":8,"column":27}},"loc":{"start":{"line":8,"column":43},"end":{"line":11,"column":1}}},"3":{"name":"(anonymous_3)","decl":{"start":{"line":13,"column":33},"end":{"line":13,"column":34}},"loc":{"start":{"line":13,"column":52},"end":{"line":16,"column":1}}},"4":{"name":"(anonymous_4)","decl":{"start":{"line":18,"column":28},"end":{"line":18,"column":29}},"loc":{"start":{"line":18,"column":47},"end":{"line":21,"column":1}}},"5":{"name":"(anonymous_5)","decl":{"start":{"line":23,"column":27},"end":{"line":23,"column":28}},"loc":{"start":{"line":23,"column":59},"end":{"line":27,"column":1}}},"6":{"name":"(anonymous_6)","decl":{"start":{"line":29,"column":28},"end":{"line":29,"column":29}},"loc":{"start":{"line":29,"column":60},"end":{"line":34,"column":1}}},"7":{"name":"(anonymous_7)","decl":{"start":{"line":41,"column":27},"end":{"line":41,"column":28}},"loc":{"start":{"line":41,"column":60},"end":{"line":44,"column":2}}},"8":{"name":"(anonymous_8)","decl":{"start":{"line":46,"column":29},"end":{"line":46,"column":30}},"loc":{"start":{"line":46,"column":64},"end":{"line":49,"column":2}}},"9":{"name":"(anonymous_9)","decl":{"start":{"line":52,"column":35},"end":{"line":52,"column":36}},"loc":{"start":{"line":52,"column":70},"end":{"line":56,"column":1}}},"10":{"name":"(anonymous_10)","decl":{"start":{"line":58,"column":30},"end":{"line":58,"column":31}},"loc":{"start":{"line":58,"column":65},"end":{"line":62,"column":1}}},"11":{"name":"(anonymous_11)","decl":{"start":{"line":64,"column":31},"end":{"line":64,"column":32}},"loc":{"start":{"line":64,"column":82},"end":{"line":67,"column":2}}}},"branchMap":{"0":{"loc":{"start":{"line":1,"column":46},"end":{"line":1,"column":93}},"type":"cond-expr","locations":[{"start":{"line":1,"column":84},"end":{"line":1,"column":89}},{"start":{"line":1,"column":92},"end":{"line":1,"column":93}}]},"1":{"loc":{"start":{"line":1,"column":46},"end":{"line":1,"column":81}},"type":"binary-expr","locations":[{"start":{"line":1,"column":46},"end":{"line":1,"column":68}},{"start":{"line":1,"column":72},"end":{"line":1,"column":81}}]},"2":{"loc":{"start":{"line":23,"column":43},"end":{"line":23,"column":55}},"type":"default-arg","locations":[{"start":{"line":23,"column":54},"end":{"line":23,"column":55}}]},"3":{"loc":{"start":{"line":24,"column":1},"end":{"line":24,"column":39}},"type":"if","locations":[{"start":{"line":24,"column":1},"end":{"line":24,"column":39}},{"start":{},"end":{}}]}},"s":{"0":4,"1":24,"2":4,"3":4,"4":4,"5":4,"6":4,"7":5,"8":5,"9":4,"10":4,"11":4,"12":4,"13":4,"14":4,"15":3,"16":3,"17":4,"18":4,"19":18,"20":0,"21":18,"22":18,"23":4,"24":4,"25":18,"26":4,"27":4,"28":3,"29":4,"30":4,"31":2,"32":4,"33":4,"34":2,"35":2,"36":2,"37":4,"38":4,"39":2,"40":2,"41":2,"42":4,"43":4,"44":2,"45":4},"f":{"0":24,"1":4,"2":5,"3":4,"4":3,"5":18,"6":18,"7":3,"8":2,"9":2,"10":2,"11":2},"b":{"0":[22,2],"1":[24,23],"2":[18],"3":[0,18]}}
,"C:\\Users\\julbb\\Desktop\\MentesCreativas4-main\\MentesCreativas4-main\\MentesCreativas4-main\\src\\domains\\shapes-3d\\pages\\Shapes3DPage.tsx": {"path":"C:\\Users\\julbb\\Desktop\\MentesCreativas4-main\\MentesCreativas4-main\\MentesCreativas4-main\\src\\domains\\shapes-3d\\pages\\Shapes3DPage.tsx","statementMap":{"0":{"start":{"line":51,"column":0},"end":{"line":51,"column":24}},"1":{"start":{"line":1,"column":0},"end":{"line":1,"column":83}},"2":{"start":{"line":2,"column":0},"end":{"line":2,"column":54}},"3":{"start":{"line":3,"column":0},"end":{"line":3,"column":66}},"4":{"start":{"line":4,"column":0},"end":{"line":4,"column":38}},"5":{"start":{"line":5,"column":0},"end":{"line":5,"column":42}},"6":{"start":{"line":6,"column":0},"end":{"line":6,"column":46}},"7":{"start":{"line":7,"column":0},"end":{"line":7,"column":null}},"8":{"start":{"line":13,"column":0},"end":{"line":13,"column":50}},"9":{"start":{"line":22,"column":18},"end":{"line":49,"column":2}},"10":{"start":{"line":23,"column":21},"end":{"line":23,"column":31}},"11":{"start":{"line":24,"column":2},"end":{"line":47,"column":6}},"12":{"start":{"line":24,"column":34},"end":{"line":47,"column":4}},"13":{"start":{"line":26,"column":23},"end":{"line":26,"column":38}},"14":{"start":{"line":27,"column":16},"end":{"line":27,"column":50}},"15":{"start":{"line":28,"column":16},"end":{"line":28,"column":38}},"16":{"start":{"line":29,"column":6},"end":{"line":29,"column":42}},"17":{"start":{"line":30,"column":6},"end":{"line":30,"column":42}},"18":{"start":{"line":31,"column":6},"end":{"line":31,"column":29}},"19":{"start":{"line":34,"column":23},"end":{"line":34,"column":38}},"20":{"start":{"line":35,"column":16},"end":{"line":35,"column":50}},"21":{"start":{"line":36,"column":16},"end":{"line":36,"column":38}},"22":{"start":{"line":37,"column":6},"end":{"line":37,"column":42}},"23":{"start":{"line":38,"column":6},"end":{"line":38,"column":42}},"24":{"start":{"line":39,"column":6},"end":{"line":39,"column":29}},"25":{"start":{"line":42,"column":6},"end":{"line":42,"column":43}},"26":{"start":{"line":45,"column":6},"end":{"line":45,"column":43}},"27":{"start":{"line":48,"column":2},"end":{"line":48,"column":14}},"28":{"start":{"line":52,"column":33},"end":{"line":52,"column":46}},"29":{"start":{"line":53,"column":41},"end":{"line":53,"column":54}},"30":{"start":{"line":54,"column":27},"end":{"line":54,"column":75}},"31":{"start":{"line":55,"column":27},"end":{"line":55,"column":54}},"32":{"start":{"line":56,"column":35},"end":{"line":56,"column":54}},"33":{"start":{"line":57,"column":22},"end":{"line":57,"column":45}},"34":{"start":{"line":60,"column":35},"end":{"line":60,"column":48}},"35":{"start":{"line":61,"column":35},"end":{"line":61,"column":48}},"36":{"start":{"line":64,"column":47},"end":{"line":64,"column":62}},"37":{"start":{"line":65,"column":47},"end":{"line":65,"column":71}},"38":{"start":{"line":66,"column":35},"end":{"line":70,"column":4}},"39":{"start":{"line":66,"column":158},"end":{"line":70,"column":3}},"40":{"start":{"line":72,"column":18},"end":{"line":72,"column":66}},"41":{"start":{"line":72,"column":32},"end":{"line":72,"column":53}},"42":{"start":{"line":73,"column":20},"end":{"line":73,"column":78}},"43":{"start":{"line":73,"column":34},"end":{"line":73,"column":61}},"44":{"start":{"line":74,"column":22},"end":{"line":74,"column":98}},"45":{"start":{"line":74,"column":36},"end":{"line":74,"column":73}},"46":{"start":{"line":76,"column":30},"end":{"line":87,"column":2}},"47":{"start":{"line":77,"column":15},"end":{"line":77,"column":78}},"48":{"start":{"line":77,"column":45},"end":{"line":77,"column":78}},"49":{"start":{"line":78,"column":2},"end":{"line":78,"column":53}},"50":{"start":{"line":79,"column":2},"end":{"line":79,"column":57}},"51":{"start":{"line":80,"column":2},"end":{"line":80,"column":54}},"52":{"start":{"line":81,"column":2},"end":{"line":81,"column":54}},"53":{"start":{"line":82,"column":2},"end":{"line":86,"column":5}},"54":{"start":{"line":89,"column":1},"end":{"line":328,"column":3}},"55":{"start":{"line":102,"column":8},"end":{"line":103,"column":null}},"56":{"start":{"line":106,"column":10},"end":{"line":106,"column":22}},"57":{"start":{"line":108,"column":10},"end":{"line":108,"column":86}},"58":{"start":{"line":121,"column":80},"end":{"line":121,"column":116}},"59":{"start":{"line":125,"column":79},"end":{"line":125,"column":102}},"60":{"start":{"line":126,"column":79},"end":{"line":126,"column":102}},"61":{"start":{"line":133,"column":55},"end":{"line":133,"column":79}},"62":{"start":{"line":138,"column":42},"end":{"line":138,"column":57}},"63":{"start":{"line":139,"column":42},"end":{"line":139,"column":58}},"64":{"start":{"line":145,"column":42},"end":{"line":145,"column":75}},"65":{"start":{"line":146,"column":42},"end":{"line":146,"column":76}},"66":{"start":{"line":147,"column":42},"end":{"line":147,"column":72}},"67":{"start":{"line":148,"column":42},"end":{"line":148,"column":73}},"68":{"start":{"line":162,"column":28},"end":{"line":162,"column":71}},"69":{"start":{"line":181,"column":28},"end":{"line":181,"column":75}},"70":{"start":{"line":194,"column":113},"end":{"line":194,"column":153}},"71":{"start":{"line":199,"column":113},"end":{"line":199,"column":153}}},"fnMap":{"0":{"name":"CameraRig","decl":{"start":{"line":22,"column":57},"end":{"line":22,"column":66}},"loc":{"start":{"line":22,"column":78},"end":{"line":49,"column":1}}},"1":{"name":"(anonymous_2)","decl":{"start":{"line":24,"column":27},"end":{"line":24,"column":30}},"loc":{"start":{"line":24,"column":34},"end":{"line":47,"column":4}}},"2":{"name":"(anonymous_3)","decl":{"start":{"line":25,"column":15},"end":{"line":25,"column":18}},"loc":{"start":{"line":25,"column":20},"end":{"line":32,"column":5}}},"3":{"name":"(anonymous_4)","decl":{"start":{"line":33,"column":16},"end":{"line":33,"column":19}},"loc":{"start":{"line":33,"column":21},"end":{"line":40,"column":5}}},"4":{"name":"(anonymous_5)","decl":{"start":{"line":41,"column":12},"end":{"line":41,"column":15}},"loc":{"start":{"line":41,"column":17},"end":{"line":43,"column":5}}},"5":{"name":"(anonymous_6)","decl":{"start":{"line":44,"column":13},"end":{"line":44,"column":16}},"loc":{"start":{"line":44,"column":18},"end":{"line":46,"column":5}}},"6":{"name":"Shapes3DPage","decl":{"start":{"line":51,"column":24},"end":{"line":51,"column":36}},"loc":{"start":{"line":51,"column":36},"end":{"line":329,"column":1}}},"7":{"name":"(anonymous_8)","decl":{"start":{"line":66,"column":151},"end":{"line":66,"column":154}},"loc":{"start":{"line":66,"column":158},"end":{"line":70,"column":3}}},"8":{"name":"(anonymous_9)","decl":{"start":{"line":72,"column":26},"end":{"line":72,"column":29}},"loc":{"start":{"line":72,"column":32},"end":{"line":72,"column":53}}},"9":{"name":"(anonymous_10)","decl":{"start":{"line":73,"column":28},"end":{"line":73,"column":31}},"loc":{"start":{"line":73,"column":34},"end":{"line":73,"column":61}}},"10":{"name":"(anonymous_11)","decl":{"start":{"line":74,"column":30},"end":{"line":74,"column":33}},"loc":{"start":{"line":74,"column":36},"end":{"line":74,"column":73}}},"11":{"name":"(anonymous_12)","decl":{"start":{"line":76,"column":30},"end":{"line":76,"column":33}},"loc":{"start":{"line":76,"column":35},"end":{"line":87,"column":2}}},"12":{"name":"(anonymous_13)","decl":{"start":{"line":77,"column":15},"end":{"line":77,"column":16}},"loc":{"start":{"line":77,"column":45},"end":{"line":77,"column":78}}},"13":{"name":"(anonymous_14)","decl":{"start":{"line":101,"column":52},"end":{"line":101,"column":53}},"loc":{"start":{"line":102,"column":8},"end":{"line":103,"column":null}}},"14":{"name":"(anonymous_15)","decl":{"start":{"line":105,"column":18},"end":{"line":105,"column":21}},"loc":{"start":{"line":105,"column":23},"end":{"line":109,"column":10}}},"15":{"name":"(anonymous_16)","decl":{"start":{"line":121,"column":75},"end":{"line":121,"column":76}},"loc":{"start":{"line":121,"column":80},"end":{"line":121,"column":116}}},"16":{"name":"(anonymous_17)","decl":{"start":{"line":125,"column":75},"end":{"line":125,"column":77}},"loc":{"start":{"line":125,"column":79},"end":{"line":125,"column":102}}},"17":{"name":"(anonymous_18)","decl":{"start":{"line":126,"column":75},"end":{"line":126,"column":77}},"loc":{"start":{"line":126,"column":79},"end":{"line":126,"column":102}}},"18":{"name":"(anonymous_19)","decl":{"start":{"line":133,"column":50},"end":{"line":133,"column":51}},"loc":{"start":{"line":133,"column":55},"end":{"line":133,"column":79}}},"19":{"name":"(anonymous_20)","decl":{"start":{"line":138,"column":38},"end":{"line":138,"column":40}},"loc":{"start":{"line":138,"column":42},"end":{"line":138,"column":57}}},"20":{"name":"(anonymous_21)","decl":{"start":{"line":139,"column":38},"end":{"line":139,"column":40}},"loc":{"start":{"line":139,"column":42},"end":{"line":139,"column":58}}},"21":{"name":"(anonymous_22)","decl":{"start":{"line":145,"column":38},"end":{"line":145,"column":40}},"loc":{"start":{"line":145,"column":42},"end":{"line":145,"column":75}}},"22":{"name":"(anonymous_23)","decl":{"start":{"line":146,"column":38},"end":{"line":146,"column":40}},"loc":{"start":{"line":146,"column":42},"end":{"line":146,"column":76}}},"23":{"name":"(anonymous_24)","decl":{"start":{"line":147,"column":38},"end":{"line":147,"column":40}},"loc":{"start":{"line":147,"column":42},"end":{"line":147,"column":72}}},"24":{"name":"(anonymous_25)","decl":{"start":{"line":148,"column":38},"end":{"line":148,"column":40}},"loc":{"start":{"line":148,"column":42},"end":{"line":148,"column":73}}},"25":{"name":"(anonymous_26)","decl":{"start":{"line":162,"column":17},"end":{"line":162,"column":18}},"loc":{"start":{"line":162,"column":28},"end":{"line":162,"column":71}}},"26":{"name":"(anonymous_27)","decl":{"start":{"line":181,"column":17},"end":{"line":181,"column":18}},"loc":{"start":{"line":181,"column":28},"end":{"line":181,"column":75}}},"27":{"name":"(anonymous_28)","decl":{"start":{"line":194,"column":108},"end":{"line":194,"column":109}},"loc":{"start":{"line":194,"column":113},"end":{"line":194,"column":153}}},"28":{"name":"(anonymous_29)","decl":{"start":{"line":199,"column":108},"end":{"line":199,"column":109}},"loc":{"start":{"line":199,"column":113},"end":{"line":199,"column":153}}}},"branchMap":{"0":{"loc":{"start":{"line":27,"column":16},"end":{"line":27,"column":50}},"type":"binary-expr","locations":[{"start":{"line":27,"column":16},"end":{"line":27,"column":40}},{"start":{"line":27,"column":44},"end":{"line":27,"column":50}}]},"1":{"loc":{"start":{"line":35,"column":16},"end":{"line":35,"column":50}},"type":"binary-expr","locations":[{"start":{"line":35,"column":16},"end":{"line":35,"column":40}},{"start":{"line":35,"column":44},"end":{"line":35,"column":50}}]},"2":{"loc":{"start":{"line":108,"column":19},"end":{"line":108,"column":84}},"type":"cond-expr","locations":[{"start":{"line":108,"column":34},"end":{"line":108,"column":43}},{"start":{"line":108,"column":46},"end":{"line":108,"column":84}}]},"3":{"loc":{"start":{"line":108,"column":46},"end":{"line":108,"column":84}},"type":"cond-expr","locations":[{"start":{"line":108,"column":63},"end":{"line":108,"column":72}},{"start":{"line":108,"column":75},"end":{"line":108,"column":84}}]},"4":{"loc":{"start":{"line":110,"column":60},"end":{"line":110,"column":166}},"type":"cond-expr","locations":[{"start":{"line":110,"column":70},"end":{"line":110,"column":114}},{"start":{"line":110,"column":115},"end":{"line":110,"column":166}}]},"5":{"loc":{"start":{"line":112,"column":10},"end":{"line":112,"column":72}},"type":"cond-expr","locations":[{"start":{"line":112,"column":25},"end":{"line":112,"column":31}},{"start":{"line":112,"column":34},"end":{"line":112,"column":72}}]},"6":{"loc":{"start":{"line":112,"column":34},"end":{"line":112,"column":72}},"type":"cond-expr","locations":[{"start":{"line":112,"column":51},"end":{"line":112,"column":59}},{"start":{"line":112,"column":62},"end":{"line":112,"column":72}}]},"7":{"loc":{"start":{"line":125,"column":148},"end":{"line":125,"column":227}},"type":"cond-expr","locations":[{"start":{"line":125,"column":170},"end":{"line":125,"column":194}},{"start":{"line":125,"column":195},"end":{"line":125,"column":227}}]},"8":{"loc":{"start":{"line":126,"column":148},"end":{"line":126,"column":227}},"type":"cond-expr","locations":[{"start":{"line":126,"column":170},"end":{"line":126,"column":194}},{"start":{"line":126,"column":195},"end":{"line":126,"column":227}}]},"9":{"loc":{"start":{"line":138,"column":103},"end":{"line":138,"column":177}},"type":"cond-expr","locations":[{"start":{"line":138,"column":117},"end":{"line":138,"column":144}},{"start":{"line":138,"column":145},"end":{"line":138,"column":177}}]},"10":{"loc":{"start":{"line":139,"column":104},"end":{"line":139,"column":179}},"type":"cond-expr","locations":[{"start":{"line":139,"column":119},"end":{"line":139,"column":146}},{"start":{"line":139,"column":147},"end":{"line":139,"column":179}}]},"11":{"loc":{"start":{"line":270,"column":8},"end":{"line":273,"column":null}},"type":"binary-expr","locations":[{"start":{"line":270,"column":8},"end":{"line":270,"column":24}},{"start":{"line":270,"column":28},"end":{"line":270,"column":44}},{"start":{"line":271,"column":7},"end":{"line":272,"column":null}}]},"12":{"loc":{"start":{"line":275,"column":8},"end":{"line":278,"column":null}},"type":"binary-expr","locations":[{"start":{"line":275,"column":8},"end":{"line":275,"column":24}},{"start":{"line":275,"column":28},"end":{"line":275,"column":46}},{"start":{"line":276,"column":7},"end":{"line":277,"column":null}}]},"13":{"loc":{"start":{"line":280,"column":8},"end":{"line":283,"column":null}},"type":"binary-expr","locations":[{"start":{"line":280,"column":8},"end":{"line":280,"column":24}},{"start":{"line":280,"column":28},"end":{"line":280,"column":48}},{"start":{"line":281,"column":7},"end":{"line":282,"column":null}}]},"14":{"loc":{"start":{"line":285,"column":13},"end":{"line":312,"column":null}},"type":"binary-expr","locations":[{"start":{"line":285,"column":13},"end":{"line":285,"column":28}},{"start":{"line":286,"column":14},"end":{"line":311,"column":null}}]},"15":{"loc":{"start":{"line":287,"column":17},"end":{"line":310,"column":null}},"type":"cond-expr","locations":[{"start":{"line":288,"column":18},"end":{"line":297,"column":null}},{"start":{"line":300,"column":18},"end":{"line":309,"column":null}}]}},"s":{"0":3,"1":3,"2":3,"3":3,"4":3,"5":3,"6":3,"7":3,"8":3,"9":3,"10":0,"11":0,"12":0,"13":0,"14":0,"15":0,"16":0,"17":0,"18":0,"19":0,"20":0,"21":0,"22":0,"23":0,"24":0,"25":0,"26":0,"27":0,"28":3,"29":3,"30":3,"31":3,"32":3,"33":3,"34":3,"35":3,"36":3,"37":3,"38":3,"39":2,"40":3,"41":3,"42":3,"43":2,"44":3,"45":2,"46":3,"47":0,"48":0,"49":0,"50":0,"51":0,"52":0,"53":0,"54":3,"55":9,"56":0,"57":0,"58":0,"59":0,"60":0,"61":0,"62":0,"63":0,"64":0,"65":0,"66":0,"67":0,"68":1,"69":0,"70":0,"71":0},"f":{"0":0,"1":0,"2":0,"3":0,"4":0,"5":0,"6":3,"7":2,"8":3,"9":2,"10":2,"11":0,"12":0,"13":9,"14":0,"15":0,"16":0,"17":0,"18":0,"19":0,"20":0,"21":0,"22":0,"23":0,"24":0,"25":1,"26":0,"27":0,"28":0},"b":{"0":[0,0],"1":[0,0],"2":[0,0],"3":[0,0],"4":[3,6],"5":[3,6],"6":[3,3],"7":[3,0],"8":[0,3],"9":[3,0],"10":[0,3],"11":[3,3,3],"12":[3,3,0],"13":[3,3,0],"14":[3,0],"15":[0,0]}}
,"C:\\Users\\julbb\\Desktop\\MentesCreativas4-main\\MentesCreativas4-main\\MentesCreativas4-main\\src\\domains\\shapes-3d\\pages\\ShapesView.tsx": {"path":"C:\\Users\\julbb\\Desktop\\MentesCreativas4-main\\MentesCreativas4-main\\MentesCreativas4-main\\src\\domains\\shapes-3d\\pages\\ShapesView.tsx","statementMap":{"0":{"start":{"line":1,"column":0},"end":{"line":1,"column":9}},"1":{"start":{"line":1,"column":9},"end":{"line":1,"column":41}}},"fnMap":{"0":{"name":"(anonymous_1)","decl":{"start":{"line":1,"column":9},"end":{"line":1,"column":16}},"loc":{"start":{"line":1,"column":9},"end":{"line":1,"column":41}}}},"branchMap":{},"s":{"0":2,"1":2},"f":{"0":0},"b":{}}
,"C:\\Users\\julbb\\Desktop\\MentesCreativas4-main\\MentesCreativas4-main\\MentesCreativas4-main\\src\\domains\\solar-system\\components\\Planet.tsx": {"path":"C:\\Users\\julbb\\Desktop\\MentesCreativas4-main\\MentesCreativas4-main\\MentesCreativas4-main\\src\\domains\\solar-system\\components\\Planet.tsx","statementMap":{"0":{"start":{"line":24,"column":0},"end":{"line":24,"column":24}},"1":{"start":{"line":1,"column":0},"end":{"line":1,"column":46}},"2":{"start":{"line":3,"column":0},"end":{"line":3,"column":42}},"3":{"start":{"line":18,"column":18},"end":{"line":22,"column":1}},"4":{"start":{"line":19,"column":1},"end":{"line":21,"column":2}},"5":{"start":{"line":20,"column":2},"end":{"line":20,"column":37}},"6":{"start":{"line":34,"column":17},"end":{"line":34,"column":35}},"7":{"start":{"line":35,"column":18},"end":{"line":35,"column":27}},"8":{"start":{"line":38,"column":1},"end":{"line":40,"column":8}},"9":{"start":{"line":39,"column":2},"end":{"line":39,"column":49}},"10":{"start":{"line":42,"column":1},"end":{"line":50,"column":4}},"11":{"start":{"line":43,"column":2},"end":{"line":43,"column":36}},"12":{"start":{"line":44,"column":15},"end":{"line":44,"column":30}},"13":{"start":{"line":45,"column":2},"end":{"line":49,"column":3}},"14":{"start":{"line":46,"column":3},"end":{"line":46,"column":62}},"15":{"start":{"line":47,"column":3},"end":{"line":47,"column":62}},"16":{"start":{"line":48,"column":3},"end":{"line":48,"column":34}},"17":{"start":{"line":52,"column":1},"end":{"line":75,"column":3}},"18":{"start":{"line":56,"column":18},"end":{"line":56,"column":34}},"19":{"start":{"line":58,"column":4},"end":{"line":58,"column":28}},"20":{"start":{"line":59,"column":4},"end":{"line":59,"column":25}},"21":{"start":{"line":62,"column":4},"end":{"line":62,"column":28}},"22":{"start":{"line":63,"column":4},"end":{"line":63,"column":22}}},"fnMap":{"0":{"name":"(anonymous_0)","decl":{"start":{"line":18,"column":18},"end":{"line":18,"column":19}},"loc":{"start":{"line":18,"column":36},"end":{"line":22,"column":1}}},"1":{"name":"Planet","decl":{"start":{"line":24,"column":24},"end":{"line":24,"column":30}},"loc":{"start":{"line":33,"column":14},"end":{"line":76,"column":1}}},"2":{"name":"(anonymous_2)","decl":{"start":{"line":38,"column":11},"end":{"line":38,"column":14}},"loc":{"start":{"line":38,"column":16},"end":{"line":40,"column":2}}},"3":{"name":"(anonymous_3)","decl":{"start":{"line":42,"column":10},"end":{"line":42,"column":11}},"loc":{"start":{"line":42,"column":45},"end":{"line":50,"column":2}}},"4":{"name":"(anonymous_4)","decl":{"start":{"line":56,"column":12},"end":{"line":56,"column":15}},"loc":{"start":{"line":56,"column":18},"end":{"line":56,"column":34}}},"5":{"name":"(anonymous_5)","decl":{"start":{"line":57,"column":18},"end":{"line":57,"column":19}},"loc":{"start":{"line":57,"column":54},"end":{"line":60,"column":4}}},"6":{"name":"(anonymous_6)","decl":{"start":{"line":61,"column":17},"end":{"line":61,"column":18}},"loc":{"start":{"line":61,"column":53},"end":{"line":64,"column":4}}}},"branchMap":{"0":{"loc":{"start":{"line":19,"column":1},"end":{"line":21,"column":2}},"type":"if","locations":[{"start":{"line":19,"column":1},"end":{"line":21,"column":2}},{"start":{},"end":{}}]},"1":{"loc":{"start":{"line":30,"column":1},"end":{"line":30,"column":17}},"type":"default-arg","locations":[{"start":{"line":30,"column":12},"end":{"line":30,"column":17}}]},"2":{"loc":{"start":{"line":32,"column":4},"end":{"line":32,"column":17}},"type":"default-arg","locations":[{"start":{"line":32,"column":16},"end":{"line":32,"column":17}}]},"3":{"loc":{"start":{"line":45,"column":2},"end":{"line":49,"column":3}},"type":"if","locations":[{"start":{"line":45,"column":2},"end":{"line":49,"column":3}},{"start":{},"end":{}}]},"4":{"loc":{"start":{"line":55,"column":10},"end":{"line":55,"column":28}},"type":"cond-expr","locations":[{"start":{"line":55,"column":21},"end":{"line":55,"column":24}},{"start":{"line":55,"column":27},"end":{"line":55,"column":28}}]},"5":{"loc":{"start":{"line":69,"column":14},"end":{"line":69,"column":42}},"type":"cond-expr","locations":[{"start":{"line":69,"column":25},"end":{"line":69,"column":30}},{"start":{"line":69,"column":33},"end":{"line":69,"column":42}}]},"6":{"loc":{"start":{"line":70,"column":23},"end":{"line":70,"column":44}},"type":"cond-expr","locations":[{"start":{"line":70,"column":34},"end":{"line":70,"column":37}},{"start":{"line":70,"column":40},"end":{"line":70,"column":44}}]}},"s":{"0":3,"1":3,"2":3,"3":3,"4":0,"5":0,"6":0,"7":0,"8":0,"9":0,"10":0,"11":0,"12":0,"13":0,"14":0,"15":0,"16":0,"17":0,"18":0,"19":0,"20":0,"21":0,"22":0},"f":{"0":0,"1":0,"2":0,"3":0,"4":0,"5":0,"6":0},"b":{"0":[0,0],"1":[0],"2":[0],"3":[0,0],"4":[0,0],"5":[0,0],"6":[0,0]}}
,"C:\\Users\\julbb\\Desktop\\MentesCreativas4-main\\MentesCreativas4-main\\MentesCreativas4-main\\src\\domains\\solar-system\\components\\Quiz.tsx": {"path":"C:\\Users\\julbb\\Desktop\\MentesCreativas4-main\\MentesCreativas4-main\\MentesCreativas4-main\\src\\domains\\solar-system\\components\\Quiz.tsx","statementMap":{"0":{"start":{"line":110,"column":0},"end":{"line":110,"column":24}},"1":{"start":{"line":1,"column":0},"end":{"line":1,"column":42}},"2":{"start":{"line":17,"column":36},"end":{"line":53,"column":2}},"3":{"start":{"line":55,"column":36},"end":{"line":92,"column":2}},"4":{"start":{"line":94,"column":38},"end":{"line":108,"column":2}},"5":{"start":{"line":111,"column":20},"end":{"line":115,"column":18}},"6":{"start":{"line":112,"column":4},"end":{"line":112,"column":56}},"7":{"start":{"line":112,"column":33},"end":{"line":112,"column":56}},"8":{"start":{"line":113,"column":4},"end":{"line":113,"column":55}},"9":{"start":{"line":113,"column":32},"end":{"line":113,"column":55}},"10":{"start":{"line":114,"column":4},"end":{"line":114,"column":29}},"11":{"start":{"line":117,"column":28},"end":{"line":117,"column":39}},"12":{"start":{"line":118,"column":34},"end":{"line":118,"column":70}},"13":{"start":{"line":119,"column":34},"end":{"line":119,"column":64}},"14":{"start":{"line":121,"column":12},"end":{"line":121,"column":28}},"15":{"start":{"line":122,"column":17},"end":{"line":122,"column":47}},"16":{"start":{"line":124,"column":17},"end":{"line":128,"column":3}},"17":{"start":{"line":125,"column":4},"end":{"line":125,"column":26}},"18":{"start":{"line":125,"column":19},"end":{"line":125,"column":26}},"19":{"start":{"line":126,"column":20},"end":{"line":126,"column":41}},"20":{"start":{"line":127,"column":4},"end":{"line":127,"column":25}},"21":{"start":{"line":130,"column":15},"end":{"line":134,"column":3}},"22":{"start":{"line":131,"column":4},"end":{"line":131,"column":22}},"23":{"start":{"line":132,"column":4},"end":{"line":132,"column":22}},"24":{"start":{"line":133,"column":4},"end":{"line":133,"column":68}},"25":{"start":{"line":133,"column":29},"end":{"line":133,"column":65}},"26":{"start":{"line":136,"column":2},"end":{"line":202,"column":4}},"27":{"start":{"line":142,"column":25},"end":{"line":142,"column":44}},"28":{"start":{"line":143,"column":26},"end":{"line":143,"column":65}},"29":{"start":{"line":144,"column":24},"end":{"line":144,"column":75}},"30":{"start":{"line":145,"column":23},"end":{"line":145,"column":87}},"31":{"start":{"line":146,"column":22},"end":{"line":154,"column":50}},"32":{"start":{"line":155,"column":10},"end":{"line":168,"column":12}},"33":{"start":{"line":160,"column":29},"end":{"line":160,"column":48}}},"fnMap":{"0":{"name":"Quiz","decl":{"start":{"line":110,"column":24},"end":{"line":110,"column":28}},"loc":{"start":{"line":110,"column":54},"end":{"line":203,"column":1}}},"1":{"name":"(anonymous_1)","decl":{"start":{"line":111,"column":28},"end":{"line":111,"column":31}},"loc":{"start":{"line":111,"column":33},"end":{"line":115,"column":3}}},"2":{"name":"(anonymous_2)","decl":{"start":{"line":124,"column":17},"end":{"line":124,"column":20}},"loc":{"start":{"line":124,"column":22},"end":{"line":128,"column":3}}},"3":{"name":"(anonymous_3)","decl":{"start":{"line":130,"column":15},"end":{"line":130,"column":18}},"loc":{"start":{"line":130,"column":20},"end":{"line":134,"column":3}}},"4":{"name":"(anonymous_4)","decl":{"start":{"line":133,"column":13},"end":{"line":133,"column":14}},"loc":{"start":{"line":133,"column":29},"end":{"line":133,"column":65}}},"5":{"name":"(anonymous_5)","decl":{"start":{"line":141,"column":23},"end":{"line":141,"column":24}},"loc":{"start":{"line":141,"column":38},"end":{"line":169,"column":9}}},"6":{"name":"(anonymous_6)","decl":{"start":{"line":160,"column":23},"end":{"line":160,"column":26}},"loc":{"start":{"line":160,"column":29},"end":{"line":160,"column":48}}}},"branchMap":{"0":{"loc":{"start":{"line":112,"column":4},"end":{"line":112,"column":56}},"type":"if","locations":[{"start":{"line":112,"column":4},"end":{"line":112,"column":56}},{"start":{},"end":{}}]},"1":{"loc":{"start":{"line":113,"column":4},"end":{"line":113,"column":55}},"type":"if","locations":[{"start":{"line":113,"column":4},"end":{"line":113,"column":55}},{"start":{},"end":{}}]},"2":{"loc":{"start":{"line":125,"column":4},"end":{"line":125,"column":26}},"type":"if","locations":[{"start":{"line":125,"column":4},"end":{"line":125,"column":26}},{"start":{},"end":{}}]},"3":{"loc":{"start":{"line":133,"column":29},"end":{"line":133,"column":65}},"type":"cond-expr","locations":[{"start":{"line":133,"column":56},"end":{"line":133,"column":61}},{"start":{"line":133,"column":64},"end":{"line":133,"column":65}}]},"4":{"loc":{"start":{"line":143,"column":26},"end":{"line":143,"column":65}},"type":"binary-expr","locations":[{"start":{"line":143,"column":26},"end":{"line":143,"column":42}},{"start":{"line":143,"column":46},"end":{"line":143,"column":65}}]},"5":{"loc":{"start":{"line":144,"column":24},"end":{"line":144,"column":75}},"type":"binary-expr","locations":[{"start":{"line":144,"column":24},"end":{"line":144,"column":42}},{"start":{"line":144,"column":46},"end":{"line":144,"column":52}},{"start":{"line":144,"column":56},"end":{"line":144,"column":75}}]},"6":{"loc":{"start":{"line":146,"column":22},"end":{"line":154,"column":50}},"type":"cond-expr","locations":[{"start":{"line":147,"column":14},"end":{"line":149,"column":66}},{"start":{"line":150,"column":14},"end":{"line":154,"column":50}}]},"7":{"loc":{"start":{"line":147,"column":14},"end":{"line":149,"column":66}},"type":"cond-expr","locations":[{"start":{"line":148,"column":16},"end":{"line":148,"column":59}},{"start":{"line":149,"column":16},"end":{"line":149,"column":66}}]},"8":{"loc":{"start":{"line":150,"column":14},"end":{"line":154,"column":50}},"type":"cond-expr","locations":[{"start":{"line":151,"column":14},"end":{"line":151,"column":63}},{"start":{"line":152,"column":14},"end":{"line":154,"column":50}}]},"9":{"loc":{"start":{"line":152,"column":14},"end":{"line":154,"column":50}},"type":"cond-expr","locations":[{"start":{"line":153,"column":14},"end":{"line":153,"column":57}},{"start":{"line":154,"column":14},"end":{"line":154,"column":50}}]},"10":{"loc":{"start":{"line":172,"column":9},"end":{"line":195,"column":null}},"type":"cond-expr","locations":[{"start":{"line":173,"column":10},"end":{"line":177,"column":null}},{"start":{"line":182,"column":10},"end":{"line":194,"column":null}}]},"11":{"loc":{"start":{"line":183,"column":29},"end":{"line":183,"column":76}},"type":"cond-expr","locations":[{"start":{"line":183,"column":40},"end":{"line":183,"column":58}},{"start":{"line":183,"column":61},"end":{"line":183,"column":76}}]},"12":{"loc":{"start":{"line":184,"column":15},"end":{"line":184,"column":64}},"type":"cond-expr","locations":[{"start":{"line":184,"column":26},"end":{"line":184,"column":38}},{"start":{"line":184,"column":41},"end":{"line":184,"column":64}}]},"13":{"loc":{"start":{"line":186,"column":13},"end":{"line":193,"column":null}},"type":"binary-expr","locations":[{"start":{"line":186,"column":13},"end":{"line":186,"column":20}},{"start":{"line":187,"column":14},"end":{"line":190,"column":null}}]},"14":{"loc":{"start":{"line":198,"column":7},"end":{"line":199,"column":null}},"type":"binary-expr","locations":[{"start":{"line":198,"column":7},"end":{"line":198,"column":23}},{"start":{"line":199,"column":8},"end":{"line":199,"column":72}}]}},"s":{"0":3,"1":3,"2":3,"3":3,"4":3,"5":3,"6":3,"7":2,"8":1,"9":0,"10":1,"11":3,"12":3,"13":3,"14":3,"15":3,"16":3,"17":0,"18":0,"19":0,"20":0,"21":3,"22":0,"23":0,"24":0,"25":0,"26":3,"27":9,"28":9,"29":9,"30":9,"31":9,"32":9,"33":0},"f":{"0":3,"1":3,"2":0,"3":0,"4":0,"5":9,"6":0},"b":{"0":[2,1],"1":[0,1],"2":[0,0],"3":[0,0],"4":[9,0],"5":[9,0,0],"6":[9,0],"7":[0,9],"8":[0,0],"9":[0,0],"10":[3,0],"11":[0,0],"12":[0,0],"13":[0,0],"14":[3,0]}}
,"C:\\Users\\julbb\\Desktop\\MentesCreativas4-main\\MentesCreativas4-main\\MentesCreativas4-main\\src\\domains\\solar-system\\components\\Starfield.tsx": {"path":"C:\\Users\\julbb\\Desktop\\MentesCreativas4-main\\MentesCreativas4-main\\MentesCreativas4-main\\src\\domains\\solar-system\\components\\Starfield.tsx","statementMap":{"0":{"start":{"line":33,"column":0},"end":{"line":33,"column":24}},"1":{"start":{"line":1,"column":0},"end":{"line":1,"column":40}},"2":{"start":{"line":2,"column":0},"end":{"line":2,"column":46}},"3":{"start":{"line":11,"column":26},"end":{"line":31,"column":1}},"4":{"start":{"line":12,"column":13},"end":{"line":12,"column":20}},"5":{"start":{"line":13,"column":15},"end":{"line":16,"column":3}},"6":{"start":{"line":14,"column":4},"end":{"line":14,"column":39}},"7":{"start":{"line":15,"column":4},"end":{"line":15,"column":35}},"8":{"start":{"line":17,"column":15},"end":{"line":17,"column":42}},"9":{"start":{"line":18,"column":2},"end":{"line":29,"column":3}},"10":{"start":{"line":18,"column":15},"end":{"line":18,"column":16}},"11":{"start":{"line":19,"column":21},"end":{"line":19,"column":36}},"12":{"start":{"line":20,"column":18},"end":{"line":20,"column":38}},"13":{"start":{"line":22,"column":14},"end":{"line":22,"column":20}},"14":{"start":{"line":23,"column":16},"end":{"line":23,"column":36}},"15":{"start":{"line":24,"column":18},"end":{"line":24,"column":23}},"16":{"start":{"line":25,"column":19},"end":{"line":25,"column":32}},"17":{"start":{"line":26,"column":4},"end":{"line":26,"column":54}},"18":{"start":{"line":27,"column":4},"end":{"line":27,"column":58}},"19":{"start":{"line":28,"column":4},"end":{"line":28,"column":47}},"20":{"start":{"line":30,"column":2},"end":{"line":30,"column":14}},"21":{"start":{"line":34,"column":20},"end":{"line":34,"column":84}},"22":{"start":{"line":34,"column":34},"end":{"line":34,"column":66}},"23":{"start":{"line":36,"column":20},"end":{"line":36,"column":40}},"24":{"start":{"line":37,"column":22},"end":{"line":37,"column":50}},"25":{"start":{"line":39,"column":2},"end":{"line":47,"column":5}},"26":{"start":{"line":40,"column":14},"end":{"line":40,"column":42}},"27":{"start":{"line":41,"column":4},"end":{"line":43,"column":5}},"28":{"start":{"line":42,"column":6},"end":{"line":42,"column":47}},"29":{"start":{"line":44,"column":4},"end":{"line":46,"column":5}},"30":{"start":{"line":45,"column":6},"end":{"line":45,"column":67}},"31":{"start":{"line":49,"column":2},"end":{"line":61,"column":4}}},"fnMap":{"0":{"name":"(anonymous_0)","decl":{"start":{"line":11,"column":26},"end":{"line":11,"column":27}},"loc":{"start":{"line":11,"column":60},"end":{"line":31,"column":1}}},"1":{"name":"(anonymous_1)","decl":{"start":{"line":13,"column":15},"end":{"line":13,"column":18}},"loc":{"start":{"line":13,"column":20},"end":{"line":16,"column":3}}},"2":{"name":"Starfield","decl":{"start":{"line":33,"column":24},"end":{"line":33,"column":33}},"loc":{"start":{"line":33,"column":79},"end":{"line":62,"column":1}}},"3":{"name":"(anonymous_3)","decl":{"start":{"line":34,"column":28},"end":{"line":34,"column":31}},"loc":{"start":{"line":34,"column":34},"end":{"line":34,"column":66}}},"4":{"name":"(anonymous_4)","decl":{"start":{"line":39,"column":11},"end":{"line":39,"column":12}},"loc":{"start":{"line":39,"column":66},"end":{"line":47,"column":3}}}},"branchMap":{"0":{"loc":{"start":{"line":33,"column":36},"end":{"line":33,"column":48}},"type":"default-arg","locations":[{"start":{"line":33,"column":44},"end":{"line":33,"column":48}}]},"1":{"loc":{"start":{"line":33,"column":50},"end":{"line":33,"column":61}},"type":"default-arg","locations":[{"start":{"line":33,"column":59},"end":{"line":33,"column":61}}]},"2":{"loc":{"start":{"line":41,"column":4},"end":{"line":43,"column":5}},"type":"if","locations":[{"start":{"line":41,"column":4},"end":{"line":43,"column":5}},{"start":{},"end":{}}]},"3":{"loc":{"start":{"line":44,"column":4},"end":{"line":46,"column":5}},"type":"if","locations":[{"start":{"line":44,"column":4},"end":{"line":46,"column":5}},{"start":{},"end":{}}]}},"s":{"0":3,"1":3,"2":3,"3":3,"4":0,"5":0,"6":0,"7":0,"8":0,"9":0,"10":0,"11":0,"12":0,"13":0,"14":0,"15":0,"16":0,"17":0,"18":0,"19":0,"20":0,"21":0,"22":0,"23":0,"24":0,"25":0,"26":0,"27":0,"28":0,"29":0,"30":0,"31":0},"f":{"0":0,"1":0,"2":0,"3":0,"4":0},"b":{"0":[0],"1":[0],"2":[0,0],"3":[0,0]}}
,"C:\\Users\\julbb\\Desktop\\MentesCreativas4-main\\MentesCreativas4-main\\MentesCreativas4-main\\src\\domains\\solar-system\\pages\\SolarView.tsx": {"path":"C:\\Users\\julbb\\Desktop\\MentesCreativas4-main\\MentesCreativas4-main\\MentesCreativas4-main\\src\\domains\\solar-system\\pages\\SolarView.tsx","statementMap":{"0":{"start":{"line":117,"column":0},"end":{"line":117,"column":24}},"1":{"start":{"line":1,"column":0},"end":{"line":1,"column":42}},"2":{"start":{"line":2,"column":0},"end":{"line":2,"column":46}},"3":{"start":{"line":3,"column":0},"end":{"line":3,"column":38}},"4":{"start":{"line":5,"column":16},"end":{"line":115,"column":2}},"5":{"start":{"line":118,"column":46},"end":{"line":118,"column":79}},"6":{"start":{"line":119,"column":23},"end":{"line":121,"column":null}},"7":{"start":{"line":120,"column":10},"end":{"line":120,"column":80}},"8":{"start":{"line":120,"column":35},"end":{"line":120,"column":65}},"9":{"start":{"line":123,"column":20},"end":{"line":123,"column":110}},"10":{"start":{"line":123,"column":34},"end":{"line":123,"column":86}},"11":{"start":{"line":125,"column":2},"end":{"line":203,"column":4}},"12":{"start":{"line":156,"column":12},"end":{"line":157,"column":null}},"13":{"start":{"line":161,"column":29},"end":{"line":161,"column":59}}},"fnMap":{"0":{"name":"SolarView","decl":{"start":{"line":117,"column":24},"end":{"line":117,"column":33}},"loc":{"start":{"line":117,"column":33},"end":{"line":204,"column":1}}},"1":{"name":"(anonymous_2)","decl":{"start":{"line":120,"column":4},"end":{"line":120,"column":7}},"loc":{"start":{"line":120,"column":10},"end":{"line":120,"column":80}}},"2":{"name":"(anonymous_3)","decl":{"start":{"line":120,"column":23},"end":{"line":120,"column":24}},"loc":{"start":{"line":120,"column":35},"end":{"line":120,"column":65}}},"3":{"name":"(anonymous_4)","decl":{"start":{"line":123,"column":28},"end":{"line":123,"column":31}},"loc":{"start":{"line":123,"column":34},"end":{"line":123,"column":86}}},"4":{"name":"(anonymous_5)","decl":{"start":{"line":155,"column":23},"end":{"line":155,"column":24}},"loc":{"start":{"line":156,"column":12},"end":{"line":157,"column":null}}},"5":{"name":"(anonymous_6)","decl":{"start":{"line":161,"column":23},"end":{"line":161,"column":26}},"loc":{"start":{"line":161,"column":29},"end":{"line":161,"column":59}}}},"branchMap":{"0":{"loc":{"start":{"line":120,"column":10},"end":{"line":120,"column":80}},"type":"binary-expr","locations":[{"start":{"line":120,"column":10},"end":{"line":120,"column":66}},{"start":{"line":120,"column":70},"end":{"line":120,"column":80}}]},"1":{"loc":{"start":{"line":164,"column":16},"end":{"line":166,"column":96}},"type":"cond-expr","locations":[{"start":{"line":165,"column":20},"end":{"line":165,"column":95}},{"start":{"line":166,"column":20},"end":{"line":166,"column":96}}]}},"s":{"0":3,"1":3,"2":3,"3":3,"4":3,"5":3,"6":3,"7":3,"8":7,"9":3,"10":3,"11":3,"12":24,"13":1},"f":{"0":3,"1":3,"2":7,"3":3,"4":24,"5":1},"b":{"0":[3,0],"1":[3,21]}}
,"C:\\Users\\julbb\\Desktop\\MentesCreativas4-main\\MentesCreativas4-main\\MentesCreativas4-main\\src\\domains\\solar-system\\scenes\\SolarScene.tsx": {"path":"C:\\Users\\julbb\\Desktop\\MentesCreativas4-main\\MentesCreativas4-main\\MentesCreativas4-main\\src\\domains\\solar-system\\scenes\\SolarScene.tsx","statementMap":{"0":{"start":{"line":38,"column":0},"end":{"line":38,"column":24}},"1":{"start":{"line":1,"column":0},"end":{"line":1,"column":44}},"2":{"start":{"line":2,"column":0},"end":{"line":2,"column":56}},"3":{"start":{"line":3,"column":0},"end":{"line":3,"column":64}},"4":{"start":{"line":4,"column":0},"end":{"line":4,"column":48}},"5":{"start":{"line":15,"column":1},"end":{"line":20,"column":3}},"6":{"start":{"line":25,"column":1},"end":{"line":35,"column":3}},"7":{"start":{"line":39,"column":1},"end":{"line":84,"column":3}},"8":{"start":{"line":62,"column":4},"end":{"line":62,"column":null}}},"fnMap":{"0":{"name":"OrbitRing","decl":{"start":{"line":14,"column":9},"end":{"line":14,"column":18}},"loc":{"start":{"line":14,"column":49},"end":{"line":21,"column":1}}},"1":{"name":"InterstellarMarker","decl":{"start":{"line":23,"column":9},"end":{"line":23,"column":27}},"loc":{"start":{"line":23,"column":27},"end":{"line":36,"column":1}}},"2":{"name":"SolarScene","decl":{"start":{"line":38,"column":24},"end":{"line":38,"column":34}},"loc":{"start":{"line":38,"column":95},"end":{"line":85,"column":1}}},"3":{"name":"(anonymous_4)","decl":{"start":{"line":61,"column":16},"end":{"line":61,"column":17}},"loc":{"start":{"line":62,"column":4},"end":{"line":62,"column":null}}}},"branchMap":{},"s":{"0":3,"1":3,"2":3,"3":3,"4":3,"5":0,"6":0,"7":3,"8":24},"f":{"0":0,"1":0,"2":3,"3":24},"b":{}}
,"C:\\Users\\julbb\\Desktop\\MentesCreativas4-main\\MentesCreativas4-main\\MentesCreativas4-main\\src\\pages\\HomePage.tsx": {"path":"C:\\Users\\julbb\\Desktop\\MentesCreativas4-main\\MentesCreativas4-main\\MentesCreativas4-main\\src\\pages\\HomePage.tsx","statementMap":{"0":{"start":{"line":1,"column":0},"end":{"line":1,"column":24}},"1":{"start":{"line":2,"column":2},"end":{"line":28,"column":4}}},"fnMap":{"0":{"name":"HomePage","decl":{"start":{"line":1,"column":24},"end":{"line":1,"column":32}},"loc":{"start":{"line":1,"column":32},"end":{"line":29,"column":1}}}},"branchMap":{},"s":{"0":2,"1":2},"f":{"0":2},"b":{}}
,"C:\\Users\\julbb\\Desktop\\MentesCreativas4-main\\MentesCreativas4-main\\MentesCreativas4-main\\src\\routes\\AppRoutes.tsx": {"path":"C:\\Users\\julbb\\Desktop\\MentesCreativas4-main\\MentesCreativas4-main\\MentesCreativas4-main\\src\\routes\\AppRoutes.tsx","statementMap":{"0":{"start":{"line":9,"column":0},"end":{"line":9,"column":24}},"1":{"start":{"line":1,"column":0},"end":{"line":1,"column":59}},"2":{"start":{"line":2,"column":0},"end":{"line":2,"column":42}},"3":{"start":{"line":3,"column":0},"end":{"line":3,"column":41}},"4":{"start":{"line":5,"column":0},"end":{"line":5,"column":41}},"5":{"start":{"line":6,"column":0},"end":{"line":6,"column":47}},"6":{"start":{"line":7,"column":0},"end":{"line":7,"column":75}},"7":{"start":{"line":10,"column":2},"end":{"line":20,"column":4}}},"fnMap":{"0":{"name":"AppRoutes","decl":{"start":{"line":9,"column":24},"end":{"line":9,"column":33}},"loc":{"start":{"line":9,"column":33},"end":{"line":21,"column":1}}}},"branchMap":{},"s":{"0":2,"1":2,"2":2,"3":2,"4":2,"5":2,"6":2,"7":2},"f":{"0":2},"b":{}}
,"C:\\Users\\julbb\\Desktop\\MentesCreativas4-main\\MentesCreativas4-main\\MentesCreativas4-main\\src\\routes\\index.tsx": {"path":"C:\\Users\\julbb\\Desktop\\MentesCreativas4-main\\MentesCreativas4-main\\MentesCreativas4-main\\src\\routes\\index.tsx","statementMap":{"0":{"start":{"line":1,"column":0},"end":{"line":1,"column":9}},"1":{"start":{"line":1,"column":9},"end":{"line":1,"column":38}}},"fnMap":{"0":{"name":"(anonymous_1)","decl":{"start":{"line":1,"column":9},"end":{"line":1,"column":16}},"loc":{"start":{"line":1,"column":9},"end":{"line":1,"column":38}}}},"branchMap":{},"s":{"0":2,"1":4},"f":{"0":2},"b":{}}
,"C:\\Users\\julbb\\Desktop\\MentesCreativas4-main\\MentesCreativas4-main\\MentesCreativas4-main\\src\\views\\Shapes3D.tsx": {"path":"C:\\Users\\julbb\\Desktop\\MentesCreativas4-main\\MentesCreativas4-main\\MentesCreativas4-main\\src\\views\\Shapes3D.tsx","statementMap":{"0":{"start":{"line":3,"column":0},"end":{"line":3,"column":24}},"1":{"start":{"line":1,"column":0},"end":{"line":1,"column":63}},"2":{"start":{"line":4,"column":2},"end":{"line":4,"column":24}}},"fnMap":{"0":{"name":"Shapes3D","decl":{"start":{"line":3,"column":24},"end":{"line":3,"column":32}},"loc":{"start":{"line":3,"column":32},"end":{"line":5,"column":1}}}},"branchMap":{},"s":{"0":2,"1":2,"2":0},"f":{"0":0},"b":{}}
,"C:\\Users\\julbb\\Desktop\\MentesCreativas4-main\\MentesCreativas4-main\\MentesCreativas4-main\\src\\views\\SolarSystem.tsx": {"path":"C:\\Users\\julbb\\Desktop\\MentesCreativas4-main\\MentesCreativas4-main\\MentesCreativas4-main\\src\\views\\SolarSystem.tsx","statementMap":{"0":{"start":{"line":3,"column":0},"end":{"line":3,"column":24}},"1":{"start":{"line":1,"column":0},"end":{"line":1,"column":64}},"2":{"start":{"line":4,"column":2},"end":{"line":4,"column":23}}},"fnMap":{"0":{"name":"SolarSystem","decl":{"start":{"line":3,"column":24},"end":{"line":3,"column":35}},"loc":{"start":{"line":3,"column":35},"end":{"line":5,"column":1}}}},"branchMap":{},"s":{"0":2,"1":2,"2":0},"f":{"0":0},"b":{}}
}
