TN:
SF:src\App.tsx
FN:4,App
FNF:1
FNH:1
FNDA:2,App
DA:1,2
DA:2,2
DA:4,2
DA:5,2
LF:4
LH:4
BRF:0
BRH:0
end_of_record
TN:
SF:src\components\Sidebar.tsx
FN:10,Sidebar
FN:15,(anonymous_1)
FN:19,(anonymous_2)
FNF:3
FNH:3
FNDA:2,Sidebar
FNDA:8,(anonymous_1)
FNDA:8,(anonymous_2)
DA:1,2
DA:3,2
DA:10,2
DA:11,2
DA:16,8
DA:20,8
LF:6
LH:6
BRDA:22,0,0,2
BRDA:22,0,1,6
BRF:2
BRH:2
end_of_record
TN:
SF:src\components\layout.tsx
FN:4,Layout
FNF:1
FNH:1
FNDA:2,Layout
DA:1,2
DA:2,2
DA:4,2
DA:5,2
LF:4
LH:4
BRF:0
BRH:0
end_of_record
TN:
SF:src\domains\butterflies\data.ts
FNF:0
FNH:0
DA:12,2
LF:1
LH:1
BRF:0
BRH:0
end_of_record
TN:
SF:src\domains\butterflies\components\Butterfly.tsx
FN:16,Butterfly
FN:21,(anonymous_1)
FNF:2
FNH:0
FNDA:0,Butterfly
FNDA:0,(anonymous_1)
DA:1,2
DA:2,2
DA:16,2
DA:17,0
DA:18,0
DA:19,0
DA:21,0
DA:22,0
DA:23,0
DA:24,0
DA:25,0
DA:26,0
DA:27,0
DA:30,0
DA:31,0
DA:33,0
LF:16
LH:3
BRDA:16,0,0,0
BRDA:16,1,0,0
BRDA:26,2,0,0
BRDA:26,2,1,0
BRDA:27,3,0,0
BRDA:27,3,1,0
BRDA:38,4,0,0
BRDA:38,4,1,0
BRDA:44,5,0,0
BRDA:44,5,1,0
BRDA:49,6,0,0
BRDA:49,6,1,0
BRDA:56,7,0,0
BRDA:56,7,1,0
BRDA:56,7,2,0
BRDA:61,8,0,0
BRDA:61,8,1,0
BRDA:64,9,0,0
BRDA:64,9,1,0
BRF:19
BRH:0
end_of_record
TN:
SF:src\domains\butterflies\components\ButterflyQuiz.tsx
FN:49,ButterflyQuiz
FN:58,(anonymous_1)
FN:62,(anonymous_2)
FN:65,(anonymous_3)
FN:68,(anonymous_4)
FN:79,(anonymous_5)
FN:98,(anonymous_6)
FNF:7
FNH:0
FNDA:0,ButterflyQuiz
FNDA:0,(anonymous_1)
FNDA:0,(anonymous_2)
FNDA:0,(anonymous_3)
FNDA:0,(anonymous_4)
FNDA:0,(anonymous_5)
FNDA:0,(anonymous_6)
DA:1,2
DA:16,2
DA:49,2
DA:50,0
DA:51,0
DA:52,0
DA:53,0
DA:55,0
DA:56,0
DA:58,0
DA:59,0
DA:60,0
DA:61,0
DA:62,0
DA:65,0
DA:66,0
DA:67,0
DA:68,0
DA:71,0
DA:80,0
DA:81,0
DA:82,0
DA:83,0
DA:84,0
DA:93,0
DA:98,0
LF:26
LH:3
BRDA:59,0,0,0
BRDA:59,0,1,0
BRDA:62,1,0,0
BRDA:62,1,1,0
BRDA:68,2,0,0
BRDA:68,2,1,0
BRDA:81,3,0,0
BRDA:81,3,1,0
BRDA:82,4,0,0
BRDA:82,4,1,0
BRDA:82,4,2,0
BRDA:84,5,0,0
BRDA:84,5,1,0
BRDA:85,6,0,0
BRDA:85,6,1,0
BRDA:88,7,0,0
BRDA:88,7,1,0
BRDA:90,8,0,0
BRDA:90,8,1,0
BRDA:110,9,0,0
BRDA:110,9,1,0
BRDA:121,10,0,0
BRDA:121,10,1,0
BRDA:122,11,0,0
BRDA:122,11,1,0
BRDA:124,12,0,0
BRDA:124,12,1,0
BRDA:136,13,0,0
BRDA:136,13,1,0
BRF:29
BRH:0
end_of_record
TN:
SF:src\domains\butterflies\pages\ButterfliesPage.tsx
FN:8,ButterfliesPage
FN:14,(anonymous_2)
FN:14,(anonymous_3)
FN:29,(anonymous_4)
FN:33,(anonymous_5)
FN:38,(anonymous_6)
FN:55,(anonymous_7)
FN:62,(anonymous_8)
FN:62,(anonymous_9)
FNF:9
FNH:0
FNDA:0,ButterfliesPage
FNDA:0,(anonymous_2)
FNDA:0,(anonymous_3)
FNDA:0,(anonymous_4)
FNDA:0,(anonymous_5)
FNDA:0,(anonymous_6)
FNDA:0,(anonymous_7)
FNDA:0,(anonymous_8)
FNDA:0,(anonymous_9)
DA:1,2
DA:2,2
DA:3,2
DA:4,2
DA:5,2
DA:6,2
DA:8,2
DA:9,0
DA:10,0
DA:11,0
DA:13,0
DA:14,0
DA:18,0
DA:30,0
DA:33,0
DA:39,0
DA:55,0
DA:62,0
LF:18
LH:7
BRDA:14,0,0,0
BRDA:14,0,1,0
BRDA:34,1,0,0
BRDA:34,1,1,0
BRDA:65,2,0,0
BRDA:65,2,1,0
BRF:6
BRH:0
end_of_record
TN:
SF:src\domains\butterflies\pages\ButterfliesView.tsx
FN:1,(anonymous_1)
FNF:1
FNH:1
FNDA:2,(anonymous_1)
DA:1,4
LF:1
LH:1
BRF:0
BRH:0
end_of_record
TN:
SF:src\domains\energy-lab\components\Windmill.tsx
FN:11,Windmill
FN:13,(anonymous_1)
FN:13,(anonymous_2)
FN:15,(anonymous_3)
FN:35,(anonymous_4)
FNF:5
FNH:0
FNDA:0,Windmill
FNDA:0,(anonymous_1)
FNDA:0,(anonymous_2)
FNDA:0,(anonymous_3)
FNDA:0,(anonymous_4)
DA:1,1
DA:2,1
DA:9,1
DA:11,1
DA:12,0
DA:13,0
DA:15,0
DA:16,0
DA:17,0
DA:18,0
DA:22,0
DA:36,0
LF:12
LH:4
BRDA:17,0,0,0
BRDA:17,0,1,0
BRF:2
BRH:0
end_of_record
TN:
SF:src\domains\energy-lab\pages\EnergyLabPage.tsx
FN:12,(anonymous_1)
FN:17,EnergyLabPage
FN:20,(anonymous_3)
FN:63,(anonymous_4)
FNF:4
FNH:4
FNDA:3,(anonymous_1)
FNDA:3,EnergyLabPage
FNDA:3,(anonymous_3)
FNDA:1,(anonymous_4)
DA:1,1
DA:2,1
DA:4,1
DA:5,1
DA:6,1
DA:7,1
DA:8,1
DA:10,1
DA:12,1
DA:13,3
DA:14,3
DA:17,1
DA:18,3
DA:20,3
DA:21,3
DA:22,3
DA:23,3
DA:30,3
DA:63,1
LF:19
LH:19
BRF:0
BRH:0
end_of_record
TN:
SF:src\domains\energy-lab\scenes\EnergyScene.tsx
FN:9,GroundPlane
FN:18,EnergyScene
FNF:2
FNH:1
FNDA:0,GroundPlane
FNDA:3,EnergyScene
DA:1,1
DA:2,1
DA:3,1
DA:10,0
DA:18,1
DA:19,3
LF:6
LH:5
BRF:0
BRH:0
end_of_record
TN:
SF:src\domains\shapes-3d\components\Cube.tsx
FN:11,Cube
FN:14,(anonymous_1)
FNF:2
FNH:0
FNDA:0,Cube
FNDA:0,(anonymous_1)
DA:1,3
DA:2,3
DA:11,3
DA:12,0
DA:14,0
DA:15,0
DA:16,0
DA:17,0
DA:18,0
DA:22,0
LF:10
LH:3
BRDA:11,0,0,0
BRDA:11,1,0,0
BRDA:16,2,0,0
BRDA:16,2,1,0
BRF:4
BRH:0
end_of_record
TN:
SF:src\domains\shapes-3d\components\Cylinder.tsx
FN:12,Cylinder
FN:15,(anonymous_1)
FNF:2
FNH:0
FNDA:0,Cylinder
FNDA:0,(anonymous_1)
DA:1,3
DA:2,3
DA:12,3
DA:13,0
DA:15,0
DA:16,0
DA:17,0
DA:18,0
DA:19,0
DA:23,0
LF:10
LH:3
BRDA:12,0,0,0
BRDA:12,1,0,0
BRDA:12,2,0,0
BRDA:12,3,0,0
BRDA:17,4,0,0
BRDA:17,4,1,0
BRF:6
BRH:0
end_of_record
TN:
SF:src\domains\shapes-3d\components\ShapesQuiz.tsx
FN:49,ShapesQuiz
FN:58,(anonymous_1)
FN:62,(anonymous_2)
FN:65,(anonymous_3)
FN:68,(anonymous_4)
FN:79,(anonymous_5)
FN:98,(anonymous_6)
FNF:7
FNH:2
FNDA:3,ShapesQuiz
FNDA:0,(anonymous_1)
FNDA:0,(anonymous_2)
FNDA:0,(anonymous_3)
FNDA:0,(anonymous_4)
FNDA:9,(anonymous_5)
FNDA:0,(anonymous_6)
DA:1,3
DA:13,3
DA:49,3
DA:50,3
DA:51,3
DA:52,3
DA:53,3
DA:55,3
DA:56,3
DA:58,3
DA:59,0
DA:60,0
DA:61,0
DA:62,0
DA:65,3
DA:66,0
DA:67,0
DA:68,0
DA:71,3
DA:80,9
DA:81,9
DA:82,9
DA:83,9
DA:84,9
DA:93,9
DA:98,0
LF:26
LH:18
BRDA:59,0,0,0
BRDA:59,0,1,0
BRDA:62,1,0,0
BRDA:62,1,1,0
BRDA:68,2,0,0
BRDA:68,2,1,0
BRDA:81,3,0,9
BRDA:81,3,1,0
BRDA:82,4,0,9
BRDA:82,4,1,0
BRDA:82,4,2,0
BRDA:84,5,0,9
BRDA:84,5,1,0
BRDA:85,6,0,0
BRDA:85,6,1,9
BRDA:88,7,0,0
BRDA:88,7,1,0
BRDA:90,8,0,0
BRDA:90,8,1,0
BRDA:110,9,0,3
BRDA:110,9,1,0
BRDA:121,10,0,0
BRDA:121,10,1,0
BRDA:122,11,0,0
BRDA:122,11,1,0
BRDA:124,12,0,0
BRDA:124,12,1,0
BRDA:136,13,0,3
BRDA:136,13,1,0
BRF:29
BRH:6
end_of_record
TN:
SF:src\domains\shapes-3d\components\Sphere.tsx
FN:11,Sphere
FN:14,(anonymous_1)
FNF:2
FNH:0
FNDA:0,Sphere
FNDA:0,(anonymous_1)
DA:1,3
DA:2,3
DA:11,3
DA:12,0
DA:14,0
DA:15,0
DA:16,0
DA:17,0
DA:21,0
LF:9
LH:3
BRDA:11,0,0,0
BRDA:11,1,0,0
BRDA:16,2,0,0
BRDA:16,2,1,0
BRF:4
BRH:0
end_of_record
TN:
SF:src\domains\shapes-3d\lib\geometry.ts
FN:1,(anonymous_0)
FN:3,(anonymous_1)
FN:8,(anonymous_2)
FN:13,(anonymous_3)
FN:18,(anonymous_4)
FN:23,(anonymous_5)
FN:29,(anonymous_6)
FN:41,(anonymous_7)
FN:46,(anonymous_8)
FN:52,(anonymous_9)
FN:58,(anonymous_10)
FN:64,(anonymous_11)
FNF:12
FNH:12
FNDA:24,(anonymous_0)
FNDA:4,(anonymous_1)
FNDA:5,(anonymous_2)
FNDA:4,(anonymous_3)
FNDA:3,(anonymous_4)
FNDA:18,(anonymous_5)
FNDA:18,(anonymous_6)
FNDA:3,(anonymous_7)
FNDA:2,(anonymous_8)
FNDA:2,(anonymous_9)
FNDA:2,(anonymous_10)
FNDA:2,(anonymous_11)
DA:1,24
DA:3,4
DA:4,4
DA:5,4
DA:8,4
DA:9,5
DA:10,5
DA:13,4
DA:14,4
DA:15,4
DA:18,4
DA:19,3
DA:20,3
DA:23,4
DA:24,18
DA:25,18
DA:26,18
DA:29,4
DA:30,18
DA:41,4
DA:46,4
DA:52,4
DA:53,2
DA:54,2
DA:55,2
DA:58,4
DA:59,2
DA:60,2
DA:61,2
DA:64,4
LF:30
LH:30
BRDA:1,0,0,22
BRDA:1,0,1,2
BRDA:1,1,0,24
BRDA:1,1,1,23
BRDA:23,2,0,18
BRDA:24,3,0,0
BRDA:24,3,1,18
BRF:7
BRH:6
end_of_record
TN:
SF:src\domains\shapes-3d\pages\Shapes3DPage.tsx
FN:22,CameraRig
FN:24,(anonymous_2)
FN:25,(anonymous_3)
FN:33,(anonymous_4)
FN:41,(anonymous_5)
FN:44,(anonymous_6)
FN:51,Shapes3DPage
FN:66,(anonymous_8)
FN:72,(anonymous_9)
FN:73,(anonymous_10)
FN:74,(anonymous_11)
FN:76,(anonymous_12)
FN:77,(anonymous_13)
FN:101,(anonymous_14)
FN:105,(anonymous_15)
FN:121,(anonymous_16)
FN:125,(anonymous_17)
FN:126,(anonymous_18)
FN:133,(anonymous_19)
FN:138,(anonymous_20)
FN:139,(anonymous_21)
FN:145,(anonymous_22)
FN:146,(anonymous_23)
FN:147,(anonymous_24)
FN:148,(anonymous_25)
FN:162,(anonymous_26)
FN:181,(anonymous_27)
FN:194,(anonymous_28)
FN:199,(anonymous_29)
FNF:29
FNH:7
FNDA:0,CameraRig
FNDA:0,(anonymous_2)
FNDA:0,(anonymous_3)
FNDA:0,(anonymous_4)
FNDA:0,(anonymous_5)
FNDA:0,(anonymous_6)
FNDA:3,Shapes3DPage
FNDA:2,(anonymous_8)
FNDA:3,(anonymous_9)
FNDA:2,(anonymous_10)
FNDA:2,(anonymous_11)
FNDA:0,(anonymous_12)
FNDA:0,(anonymous_13)
FNDA:9,(anonymous_14)
FNDA:0,(anonymous_15)
FNDA:0,(anonymous_16)
FNDA:0,(anonymous_17)
FNDA:0,(anonymous_18)
FNDA:0,(anonymous_19)
FNDA:0,(anonymous_20)
FNDA:0,(anonymous_21)
FNDA:0,(anonymous_22)
FNDA:0,(anonymous_23)
FNDA:0,(anonymous_24)
FNDA:0,(anonymous_25)
FNDA:1,(anonymous_26)
FNDA:0,(anonymous_27)
FNDA:0,(anonymous_28)
FNDA:0,(anonymous_29)
DA:1,3
DA:2,3
DA:3,3
DA:4,3
DA:5,3
DA:6,3
DA:7,3
DA:13,3
DA:22,3
DA:23,0
DA:24,0
DA:26,0
DA:27,0
DA:28,0
DA:29,0
DA:30,0
DA:31,0
DA:34,0
DA:35,0
DA:36,0
DA:37,0
DA:38,0
DA:39,0
DA:42,0
DA:45,0
DA:48,0
DA:51,3
DA:52,3
DA:53,3
DA:54,3
DA:55,3
DA:56,3
DA:57,3
DA:60,3
DA:61,3
DA:64,3
DA:65,3
DA:66,3
DA:72,3
DA:73,3
DA:74,3
DA:76,3
DA:77,0
DA:78,0
DA:79,0
DA:80,0
DA:81,0
DA:82,0
DA:89,3
DA:102,9
DA:106,0
DA:108,0
DA:121,0
DA:125,0
DA:126,0
DA:133,0
DA:138,0
DA:139,0
DA:145,0
DA:146,0
DA:147,0
DA:148,0
DA:162,1
DA:181,0
DA:194,0
DA:199,0
LF:66
LH:28
BRDA:27,0,0,0
BRDA:27,0,1,0
BRDA:35,1,0,0
BRDA:35,1,1,0
BRDA:108,2,0,0
BRDA:108,2,1,0
BRDA:108,3,0,0
BRDA:108,3,1,0
BRDA:110,4,0,3
BRDA:110,4,1,6
BRDA:112,5,0,3
BRDA:112,5,1,6
BRDA:112,6,0,3
BRDA:112,6,1,3
BRDA:125,7,0,3
BRDA:125,7,1,0
BRDA:126,8,0,0
BRDA:126,8,1,3
BRDA:138,9,0,3
BRDA:138,9,1,0
BRDA:139,10,0,0
BRDA:139,10,1,3
BRDA:270,11,0,3
BRDA:270,11,1,3
BRDA:270,11,2,3
BRDA:275,12,0,3
BRDA:275,12,1,3
BRDA:275,12,2,0
BRDA:280,13,0,3
BRDA:280,13,1,3
BRDA:280,13,2,0
BRDA:285,14,0,3
BRDA:285,14,1,0
BRDA:287,15,0,0
BRDA:287,15,1,0
BRF:35
BRH:18
end_of_record
TN:
SF:src\domains\shapes-3d\pages\ShapesView.tsx
FN:1,(anonymous_1)
FNF:1
FNH:0
FNDA:0,(anonymous_1)
DA:1,2
LF:1
LH:1
BRF:0
BRH:0
end_of_record
TN:
SF:src\domains\solar-system\components\Planet.tsx
FN:18,(anonymous_0)
FN:24,Planet
FN:38,(anonymous_2)
FN:42,(anonymous_3)
FN:56,(anonymous_4)
FN:57,(anonymous_5)
FN:61,(anonymous_6)
FNF:7
FNH:0
FNDA:0,(anonymous_0)
FNDA:0,Planet
FNDA:0,(anonymous_2)
FNDA:0,(anonymous_3)
FNDA:0,(anonymous_4)
FNDA:0,(anonymous_5)
FNDA:0,(anonymous_6)
DA:1,3
DA:3,3
DA:18,3
DA:19,0
DA:20,0
DA:24,3
DA:34,0
DA:35,0
DA:38,0
DA:39,0
DA:42,0
DA:43,0
DA:44,0
DA:45,0
DA:46,0
DA:47,0
DA:48,0
DA:52,0
DA:56,0
DA:58,0
DA:59,0
DA:62,0
DA:63,0
LF:23
LH:4
BRDA:19,0,0,0
BRDA:19,0,1,0
BRDA:30,1,0,0
BRDA:32,2,0,0
BRDA:45,3,0,0
BRDA:45,3,1,0
BRDA:55,4,0,0
BRDA:55,4,1,0
BRDA:69,5,0,0
BRDA:69,5,1,0
BRDA:70,6,0,0
BRDA:70,6,1,0
BRF:12
BRH:0
end_of_record
TN:
SF:src\domains\solar-system\components\Quiz.tsx
FN:110,Quiz
FN:111,(anonymous_1)
FN:124,(anonymous_2)
FN:130,(anonymous_3)
FN:133,(anonymous_4)
FN:141,(anonymous_5)
FN:160,(anonymous_6)
FNF:7
FNH:3
FNDA:3,Quiz
FNDA:3,(anonymous_1)
FNDA:0,(anonymous_2)
FNDA:0,(anonymous_3)
FNDA:0,(anonymous_4)
FNDA:9,(anonymous_5)
FNDA:0,(anonymous_6)
DA:1,3
DA:17,3
DA:55,3
DA:94,3
DA:110,3
DA:111,3
DA:112,3
DA:113,1
DA:114,1
DA:117,3
DA:118,3
DA:119,3
DA:121,3
DA:122,3
DA:124,3
DA:125,0
DA:126,0
DA:127,0
DA:130,3
DA:131,0
DA:132,0
DA:133,0
DA:136,3
DA:142,9
DA:143,9
DA:144,9
DA:145,9
DA:146,9
DA:155,9
DA:160,0
LF:30
LH:23
BRDA:112,0,0,2
BRDA:112,0,1,1
BRDA:113,1,0,0
BRDA:113,1,1,1
BRDA:125,2,0,0
BRDA:125,2,1,0
BRDA:133,3,0,0
BRDA:133,3,1,0
BRDA:143,4,0,9
BRDA:143,4,1,0
BRDA:144,5,0,9
BRDA:144,5,1,0
BRDA:144,5,2,0
BRDA:146,6,0,9
BRDA:146,6,1,0
BRDA:147,7,0,0
BRDA:147,7,1,9
BRDA:150,8,0,0
BRDA:150,8,1,0
BRDA:152,9,0,0
BRDA:152,9,1,0
BRDA:172,10,0,3
BRDA:172,10,1,0
BRDA:183,11,0,0
BRDA:183,11,1,0
BRDA:184,12,0,0
BRDA:184,12,1,0
BRDA:186,13,0,0
BRDA:186,13,1,0
BRDA:198,14,0,3
BRDA:198,14,1,0
BRF:31
BRH:9
end_of_record
TN:
SF:src\domains\solar-system\components\Starfield.tsx
FN:11,(anonymous_0)
FN:13,(anonymous_1)
FN:33,Starfield
FN:34,(anonymous_3)
FN:39,(anonymous_4)
FNF:5
FNH:0
FNDA:0,(anonymous_0)
FNDA:0,(anonymous_1)
FNDA:0,Starfield
FNDA:0,(anonymous_3)
FNDA:0,(anonymous_4)
DA:1,3
DA:2,3
DA:11,3
DA:12,0
DA:13,0
DA:14,0
DA:15,0
DA:17,0
DA:18,0
DA:19,0
DA:20,0
DA:22,0
DA:23,0
DA:24,0
DA:25,0
DA:26,0
DA:27,0
DA:28,0
DA:30,0
DA:33,3
DA:34,0
DA:36,0
DA:37,0
DA:39,0
DA:40,0
DA:41,0
DA:42,0
DA:44,0
DA:45,0
DA:49,0
LF:30
LH:4
BRDA:33,0,0,0
BRDA:33,1,0,0
BRDA:41,2,0,0
BRDA:41,2,1,0
BRDA:44,3,0,0
BRDA:44,3,1,0
BRF:6
BRH:0
end_of_record
TN:
SF:src\domains\solar-system\pages\SolarView.tsx
FN:117,SolarView
FN:120,(anonymous_2)
FN:120,(anonymous_3)
FN:123,(anonymous_4)
FN:155,(anonymous_5)
FN:161,(anonymous_6)
FNF:6
FNH:6
FNDA:3,SolarView
FNDA:3,(anonymous_2)
FNDA:7,(anonymous_3)
FNDA:3,(anonymous_4)
FNDA:24,(anonymous_5)
FNDA:1,(anonymous_6)
DA:1,3
DA:2,3
DA:3,3
DA:5,3
DA:117,3
DA:118,3
DA:119,3
DA:120,7
DA:123,3
DA:125,3
DA:156,24
DA:161,1
LF:12
LH:12
BRDA:120,0,0,3
BRDA:120,0,1,0
BRDA:164,1,0,3
BRDA:164,1,1,21
BRF:4
BRH:3
end_of_record
TN:
SF:src\domains\solar-system\scenes\SolarScene.tsx
FN:14,OrbitRing
FN:23,InterstellarMarker
FN:38,SolarScene
FN:61,(anonymous_4)
FNF:4
FNH:2
FNDA:0,OrbitRing
FNDA:0,InterstellarMarker
FNDA:3,SolarScene
FNDA:24,(anonymous_4)
DA:1,3
DA:2,3
DA:3,3
DA:4,3
DA:15,0
DA:25,0
DA:38,3
DA:39,3
DA:62,24
LF:9
LH:7
BRF:0
BRH:0
end_of_record
TN:
SF:src\pages\HomePage.tsx
FN:1,HomePage
FNF:1
FNH:1
FNDA:2,HomePage
DA:1,2
DA:2,2
LF:2
LH:2
BRF:0
BRH:0
end_of_record
TN:
SF:src\routes\AppRoutes.tsx
FN:9,AppRoutes
FNF:1
FNH:1
FNDA:2,AppRoutes
DA:1,2
DA:2,2
DA:3,2
DA:5,2
DA:6,2
DA:7,2
DA:9,2
DA:10,2
LF:8
LH:8
BRF:0
BRH:0
end_of_record
TN:
SF:src\routes\index.tsx
FN:1,(anonymous_1)
FNF:1
FNH:1
FNDA:2,(anonymous_1)
DA:1,4
LF:1
LH:1
BRF:0
BRH:0
end_of_record
TN:
SF:src\views\Shapes3D.tsx
FN:3,Shapes3D
FNF:1
FNH:0
FNDA:0,Shapes3D
DA:1,2
DA:3,2
DA:4,0
LF:3
LH:2
BRF:0
BRH:0
end_of_record
TN:
SF:src\views\SolarSystem.tsx
FN:3,SolarSystem
FNF:1
FNH:0
FNDA:0,SolarSystem
DA:1,2
DA:3,2
DA:4,0
LF:3
LH:2
BRF:0
BRH:0
end_of_record
